2026/03/08 16:20:00 - mmengine - INFO - 
------------------------------------------------------------
System environment:
    sys.platform: win32
    Python: 3.11.11 | packaged by Anaconda, Inc. | (main, Dec 11 2024, 16:34:19) [MSC v.1929 64 bit (AMD64)]
    CUDA available: True
    MUSA available: False
    numpy_random_seed: 1389138072
    GPU 0: NVIDIA GeForce RTX 4060 Ti
    CUDA_HOME: C:\Program Files\NVIDIA GPU Computing Toolkit\CUDA\v12.1
    NVCC: Cuda compilation tools, release 12.1, V12.1.66
    MSVC: ÓĂÓÚ x64 µÄ Microsoft (R) C/C++ ÓĹ»Ż±ŕŇëĆ÷ 19.29.30146 °ć
    GCC: n/a
    PyTorch: 2.3.0+cu121
    PyTorch compiling details: PyTorch built with:
  - C++ Version: 201703
  - MSVC 192930151
  - Intel(R) oneAPI Math Kernel Library Version 2021.4-Product Build 20210904 for Intel(R) 64 architecture applications
  - Intel(R) MKL-DNN v3.3.6 (Git Hash 86e6af5974177e513fd3fee58425e1063e7f1361)
  - OpenMP 2019
  - LAPACK is enabled (usually provided by MKL)
  - CPU capability usage: AVX2
  - CUDA Runtime 12.1
  - NVCC architecture flags: -gencode;arch=compute_50,code=sm_50;-gencode;arch=compute_60,code=sm_60;-gencode;arch=compute_61,code=sm_61;-gencode;arch=compute_70,code=sm_70;-gencode;arch=compute_75,code=sm_75;-gencode;arch=compute_80,code=sm_80;-gencode;arch=compute_86,code=sm_86;-gencode;arch=compute_90,code=sm_90
  - CuDNN 8.8.1  (built against CUDA 12.0)
  - Magma 2.5.4
  - Build settings: BLAS_INFO=mkl, BUILD_TYPE=Release, CUDA_VERSION=12.1, CUDNN_VERSION=8.8.1, CXX_COMPILER=C:/actions-runner/_work/pytorch/pytorch/builder/windows/tmp_bin/sccache-cl.exe, CXX_FLAGS=/DWIN32 /D_WINDOWS /GR /EHsc /Zc:__cplusplus /bigobj /FS /utf-8 -DUSE_PTHREADPOOL -DNDEBUG -DUSE_KINETO -DLIBKINETO_NOCUPTI -DLIBKINETO_NOROCTRACER -DUSE_FBGEMM -DUSE_XNNPACK -DSYMBOLICATE_MOBILE_DEBUG_HANDLE /wd4624 /wd4068 /wd4067 /wd4267 /wd4661 /wd4717 /wd4244 /wd4804 /wd4273, LAPACK_INFO=mkl, PERF_WITH_AVX=1, PERF_WITH_AVX2=1, PERF_WITH_AVX512=1, TORCH_VERSION=2.3.0, USE_CUDA=ON, USE_CUDNN=ON, USE_CUSPARSELT=OFF, USE_EXCEPTION_PTR=1, USE_GFLAGS=OFF, USE_GLOG=OFF, USE_GLOO=ON, USE_MKL=ON, USE_MKLDNN=ON, USE_MPI=OFF, USE_NCCL=OFF, USE_NNPACK=OFF, USE_OPENMP=ON, USE_ROCM=OFF, USE_ROCM_KERNEL_ASSERT=OFF, 

    TorchVision: 0.18.0+cu121
    OpenCV: 4.11.0
    MMEngine: 0.10.7

Runtime environment:
    cudnn_benchmark: False
    mp_cfg: {'mp_start_method': 'fork', 'opencv_num_threads': 0}
    dist_cfg: {'backend': 'nccl'}
    seed: 1389138072
    Distributed launcher: none
    Distributed training: False
    GPU number: 1
------------------------------------------------------------

2026/03/08 16:20:00 - mmengine - INFO - Config:
base_lr = 0.0001
batch_size = 1
building_labels_root = './dataset/building_labels'
crop_size = (
    1024,
    1024,
)
custom_imports = dict(
    allow_failed_imports=False, imports=[
        'rsris',
    ])
data_preprocessor = dict(
    bgr_to_rgb=True,
    mean=[
        0,
        0,
        0,
    ],
    pad_val=0,
    seg_pad_val=255,
    size=(
        1024,
        1024,
    ),
    std=[
        255.0,
        255.0,
        255.0,
    ],
    type='SegDataPreProcessor')
data_root = './dataset/JL_Images'
dataset_type = 'rsris.datasets.refdataset.RefSegDataset'
default_hooks = dict(
    checkpoint=dict(
        by_epoch=True,
        interval=1,
        max_keep_ckpts=5,
        rule='greater',
        save_best='RefSegClsMetric/Function_F1_Macro',
        save_last=True,
        type='mmengine.hooks.CheckpointHook'),
    early_stop=dict(
        min_delta=0.0001,
        monitor='RefSegClsMetric/Function_F1_Macro',
        patience=20,
        rule='greater',
        type='EarlyStoppingHook'),
    logger=dict(
        interval=20,
        log_metric_by_epoch=False,
        type='mmengine.hooks.LoggerHook'),
    param_scheduler=dict(type='mmengine.hooks.ParamSchedulerHook'),
    sampler_seed=dict(type='mmengine.hooks.DistSamplerSeedHook'),
    timer=dict(type='mmengine.hooks.IterTimerHook'),
    visualization=dict(type='mmseg.engine.SegVisualizationHook'))
default_scope = 'mmseg'
env_cfg = dict(
    cudnn_benchmark=False,
    dist_cfg=dict(backend='nccl'),
    mp_cfg=dict(mp_start_method='fork', opencv_num_threads=0))
find_unused_parameters = True
init_from = None
launcher = 'none'
load_from = 'H:\\train_results\\20260307\\02-concat-fusion-0122/best_epoch_55.pth'
log_level = 'INFO'
log_processor = dict(by_epoch=True)
max_epochs = 100
model = dict(
    backbone=dict(
        model_name_or_path='KyanChen/sam-vit-base',
        type='rsris.models.models.RefSegSamVisionEncoder'),
    clip_text_encoder=dict(
        model_name_or_path='lcybuaa1111/Git-RSCLIP',
        type='rsris.models.models.RefSegSiglipTextModel'),
    clip_vision_encoder=dict(
        model_name_or_path='lcybuaa1111/Git-RSCLIP',
        type='rsris.models.models.RefSegSiglipVisionModel'),
    cls_head=dict(
        dropout_ratio=0.1,
        in_channels=1024,
        loss_cls=dict(
            loss_name='loss_function_cls',
            loss_weight=3.0,
            type='mmseg.CrossEntropyLoss',
            use_sigmoid=False),
        norm_cfg=dict(num_groups=32, requires_grad=True, type='GN'),
        num_classes=3,
        num_heads=8,
        type='ReasoningClsHead'),
    data_preprocessor=dict(
        bgr_to_rgb=True,
        mean=[
            0,
            0,
            0,
        ],
        pad_val=0,
        seg_pad_val=255,
        size=(
            1024,
            1024,
        ),
        std=[
            255.0,
            255.0,
            255.0,
        ],
        type='SegDataPreProcessor'),
    init_cfg=None,
    lora_cfg=dict(
        backbone=dict(
            lora_alpha=32,
            lora_dropout=0.1,
            r=16,
            target_modules=[
                'qkv',
                'proj',
                'lin1',
                'lin2',
                'neck.conv1',
                'neck.conv2',
            ]),
        clip_text_encoder=dict(
            lora_alpha=32,
            lora_dropout=0.1,
            r=16,
            target_modules=[
                'k_proj',
                'v_proj',
                'q_proj',
                'out_proj',
                'mlp.fc1',
                'mlp.fc2',
            ]),
        clip_vision_encoder=dict(
            lora_alpha=16,
            lora_dropout=0.1,
            r=8,
            target_modules=[
                'q_proj',
                'v_proj',
            ])),
    norm_cfg=dict(num_groups=32, requires_grad=True, type='GN'),
    sam_mask_decoder=dict(
        model_name_or_path='KyanChen/sam-vit-base',
        type='rsris.models.models.RefSegSamMaskDecoder'),
    sam_prompt_encoder=dict(
        model_name_or_path='KyanChen/sam-vit-base',
        type='rsris.models.models.RefSegSamPromptEncoder'),
    seg_head=dict(
        loss_decode=[
            dict(
                loss_name='loss_ce',
                loss_weight=1.0,
                type='mmseg.CrossEntropyLoss',
                use_sigmoid=False),
            dict(
                classes=[
                    1,
                ],
                loss_name='loss_lovasz',
                loss_type='multi_class',
                loss_weight=1.0,
                per_image=False,
                reduction='none',
                type='mmseg.LovaszLoss'),
        ],
        num_classes=2,
        out_channels=1,
        threshold=0.5,
        type='SamSupervisionHead'),
    test_cfg=dict(mode='whole'),
    train_cfg=dict(),
    type='rsris.models.models.RefSegEncoderDecoder')
norm_cfg = dict(num_groups=32, requires_grad=True, type='GN')
num_workers = 8
optim_wrapper = dict(
    accumulative_counts=4,
    dtype='bfloat16',
    optimizer=dict(
        betas=(
            0.9,
            0.999,
        ),
        lr=0.0001,
        type='torch.optim.AdamW',
        weight_decay=0.01),
    type='mmengine.optim.AmpOptimWrapper')
param_scheduler = [
    dict(
        begin=0,
        by_epoch=True,
        convert_to_iter_based=True,
        end=5,
        start_factor=0.01,
        type='mmengine.optim.scheduler.lr_scheduler.LinearLR'),
    dict(
        T_max=100,
        begin=5,
        by_epoch=True,
        end=100,
        eta_min_ratio=0.01,
        type='mmengine.optim.scheduler.lr_scheduler.CosineAnnealingLR'),
]
persistent_workers = True
resume = False
runner_type = 'Runner'
test_cfg = dict(type='mmengine.runner.loops.TestLoop')
test_dataloader = dict(
    batch_size=1,
    dataset=dict(
        ann_file='datainfo/test.jsonl',
        building_labels_root='./dataset/building_labels',
        data_root='./dataset/JL_Images',
        pipeline=[
            dict(type='mmcv.transforms.loading.LoadImageFromFile'),
            dict(type='rsris.datasets.refdataset.LoadSegAnnotations'),
            dict(
                keep_ratio=False,
                resize_labels=False,
                scale=(
                    1024,
                    1024,
                ),
                type='rsris.datasets.refdataset.NewResize'),
            dict(
                keys=[
                    'gt_building_seg',
                ],
                type='rsris.datasets.refdataset.ToTensor'),
            dict(
                meta_keys=(
                    'poi_text',
                    'poi_prompt',
                    'img_path',
                    'seg_map_path',
                    'ori_shape',
                    'img_shape',
                    'pad_shape',
                    'scale_factor',
                    'flip',
                    'flip_direction',
                    'reduce_zero_label',
                ),
                type='rsris.datasets.refdataset.PackMultiTaskInputs'),
        ],
        test_mode=True,
        type='rsris.datasets.refdataset.RefSegDataset'),
    num_workers=8,
    persistent_workers=True,
    sampler=dict(
        shuffle=False, type='mmengine.dataset.sampler.DefaultSampler'))
test_evaluator = [
    dict(type='rsris.RefSegClsMetric'),
]
test_pipeline = [
    dict(type='mmcv.transforms.loading.LoadImageFromFile'),
    dict(type='rsris.datasets.refdataset.LoadSegAnnotations'),
    dict(
        keep_ratio=False,
        resize_labels=False,
        scale=(
            1024,
            1024,
        ),
        type='rsris.datasets.refdataset.NewResize'),
    dict(
        keys=[
            'gt_building_seg',
        ], type='rsris.datasets.refdataset.ToTensor'),
    dict(
        meta_keys=(
            'poi_text',
            'poi_prompt',
            'img_path',
            'seg_map_path',
            'ori_shape',
            'img_shape',
            'pad_shape',
            'scale_factor',
            'flip',
            'flip_direction',
            'reduce_zero_label',
        ),
        type='rsris.datasets.refdataset.PackMultiTaskInputs'),
]
train_cfg = dict(
    max_epochs=100, type='mmengine.runner.EpochBasedTrainLoop', val_interval=1)
train_dataloader = dict(
    batch_size=1,
    dataset=dict(
        ann_file='datainfo/train.jsonl',
        building_labels_root='./dataset/building_labels',
        data_root='./dataset/JL_Images',
        pipeline=[
            dict(type='mmcv.transforms.loading.LoadImageFromFile'),
            dict(type='rsris.datasets.refdataset.LoadSegAnnotations'),
            dict(
                keep_ratio=False,
                resize_labels=True,
                scale=(
                    1024,
                    1024,
                ),
                type='rsris.datasets.refdataset.NewResize'),
            dict(
                keys=[
                    'gt_building_seg',
                ],
                type='rsris.datasets.refdataset.ToTensor'),
            dict(
                meta_keys=(
                    'poi_text',
                    'poi_prompt',
                    'img_path',
                    'seg_map_path',
                    'ori_shape',
                    'img_shape',
                    'pad_shape',
                    'scale_factor',
                    'flip',
                    'flip_direction',
                    'reduce_zero_label',
                ),
                type='rsris.datasets.refdataset.PackMultiTaskInputs'),
        ],
        type='rsris.datasets.refdataset.RefSegDataset'),
    drop_last=True,
    num_workers=8,
    persistent_workers=True,
    sampler=dict(shuffle=True, type='mmengine.dataset.sampler.DefaultSampler'))
train_pipeline = [
    dict(type='mmcv.transforms.loading.LoadImageFromFile'),
    dict(type='rsris.datasets.refdataset.LoadSegAnnotations'),
    dict(
        keep_ratio=False,
        resize_labels=True,
        scale=(
            1024,
            1024,
        ),
        type='rsris.datasets.refdataset.NewResize'),
    dict(
        keys=[
            'gt_building_seg',
        ], type='rsris.datasets.refdataset.ToTensor'),
    dict(
        meta_keys=(
            'poi_text',
            'poi_prompt',
            'img_path',
            'seg_map_path',
            'ori_shape',
            'img_shape',
            'pad_shape',
            'scale_factor',
            'flip',
            'flip_direction',
            'reduce_zero_label',
        ),
        type='rsris.datasets.refdataset.PackMultiTaskInputs'),
]
val_cfg = dict(type='mmengine.runner.loops.ValLoop')
val_dataloader = dict(
    batch_size=1,
    dataset=dict(
        ann_file='datainfo/val.jsonl',
        building_labels_root='./dataset/building_labels',
        data_root='./dataset/JL_Images',
        pipeline=[
            dict(type='mmcv.transforms.loading.LoadImageFromFile'),
            dict(type='rsris.datasets.refdataset.LoadSegAnnotations'),
            dict(
                keep_ratio=False,
                resize_labels=False,
                scale=(
                    1024,
                    1024,
                ),
                type='rsris.datasets.refdataset.NewResize'),
            dict(
                keys=[
                    'gt_building_seg',
                ],
                type='rsris.datasets.refdataset.ToTensor'),
            dict(
                meta_keys=(
                    'poi_text',
                    'poi_prompt',
                    'img_path',
                    'seg_map_path',
                    'ori_shape',
                    'img_shape',
                    'pad_shape',
                    'scale_factor',
                    'flip',
                    'flip_direction',
                    'reduce_zero_label',
                ),
                type='rsris.datasets.refdataset.PackMultiTaskInputs'),
        ],
        test_mode=True,
        type='rsris.datasets.refdataset.RefSegDataset'),
    num_workers=8,
    persistent_workers=True,
    sampler=dict(
        shuffle=False, type='mmengine.dataset.sampler.DefaultSampler'))
val_evaluator = [
    dict(type='rsris.RefSegClsMetric'),
]
val_interval = 1
vis_backends = [
    dict(type='mmengine.visualization.LocalVisBackend'),
]
visualizer = dict(
    name='visualizer',
    type='mmseg.visualization.SegLocalVisualizer',
    vis_backends=[
        dict(type='mmengine.visualization.LocalVisBackend'),
    ])
work_dir = './work_dirs/THREE_CLS'

2026/03/08 16:20:13 - mmengine - INFO - Distributed training is not used, all SyncBatchNorm (SyncBN) layers in the model will be automatically reverted to BatchNormXd layers if they are used.
2026/03/08 16:20:13 - mmengine - INFO - Hooks will be executed in the following order:
before_run:
(VERY_HIGH   ) RuntimeInfoHook                    
(BELOW_NORMAL) LoggerHook                         
(LOWEST      ) EarlyStoppingHook                  
 -------------------- 
before_train:
(VERY_HIGH   ) RuntimeInfoHook                    
(NORMAL      ) IterTimerHook                      
(VERY_LOW    ) CheckpointHook                     
 -------------------- 
before_train_epoch:
(VERY_HIGH   ) RuntimeInfoHook                    
(NORMAL      ) IterTimerHook                      
(NORMAL      ) DistSamplerSeedHook                
 -------------------- 
before_train_iter:
(VERY_HIGH   ) RuntimeInfoHook                    
(NORMAL      ) IterTimerHook                      
 -------------------- 
after_train_iter:
(VERY_HIGH   ) RuntimeInfoHook                    
(NORMAL      ) IterTimerHook                      
(BELOW_NORMAL) LoggerHook                         
(LOW         ) ParamSchedulerHook                 
(VERY_LOW    ) CheckpointHook                     
 -------------------- 
after_train_epoch:
(NORMAL      ) IterTimerHook                      
(LOW         ) ParamSchedulerHook                 
(VERY_LOW    ) CheckpointHook                     
 -------------------- 
before_val:
(VERY_HIGH   ) RuntimeInfoHook                    
 -------------------- 
before_val_epoch:
(NORMAL      ) IterTimerHook                      
 -------------------- 
before_val_iter:
(NORMAL      ) IterTimerHook                      
 -------------------- 
after_val_iter:
(NORMAL      ) IterTimerHook                      
(NORMAL      ) SegVisualizationHook               
(BELOW_NORMAL) LoggerHook                         
 -------------------- 
after_val_epoch:
(VERY_HIGH   ) RuntimeInfoHook                    
(NORMAL      ) IterTimerHook                      
(BELOW_NORMAL) LoggerHook                         
(LOW         ) ParamSchedulerHook                 
(VERY_LOW    ) CheckpointHook                     
(LOWEST      ) EarlyStoppingHook                  
 -------------------- 
after_val:
(VERY_HIGH   ) RuntimeInfoHook                    
 -------------------- 
after_train:
(VERY_HIGH   ) RuntimeInfoHook                    
(VERY_LOW    ) CheckpointHook                     
 -------------------- 
before_test:
(VERY_HIGH   ) RuntimeInfoHook                    
 -------------------- 
before_test_epoch:
(NORMAL      ) IterTimerHook                      
 -------------------- 
before_test_iter:
(NORMAL      ) IterTimerHook                      
 -------------------- 
after_test_iter:
(NORMAL      ) IterTimerHook                      
(NORMAL      ) SegVisualizationHook               
(BELOW_NORMAL) LoggerHook                         
 -------------------- 
after_test_epoch:
(VERY_HIGH   ) RuntimeInfoHook                    
(NORMAL      ) IterTimerHook                      
(BELOW_NORMAL) LoggerHook                         
 -------------------- 
after_test:
(VERY_HIGH   ) RuntimeInfoHook                    
 -------------------- 
after_run:
(BELOW_NORMAL) LoggerHook                         
 -------------------- 
2026/03/08 16:20:37 - mmengine - INFO - Load checkpoint from H:\train_results\20260307\02-concat-fusion-0122/best_epoch_55.pth
2026/03/08 16:20:56 - mmengine - INFO - Epoch(test) [  20/3784]    eta: 1:00:53  time: 0.4181  data_time: 0.0021  memory: 5377  
2026/03/08 16:21:04 - mmengine - INFO - Epoch(test) [  40/3784]    eta: 0:43:23  time: 0.4202  data_time: 0.0023  memory: 5377  
2026/03/08 16:21:13 - mmengine - INFO - Epoch(test) [  60/3784]    eta: 0:37:28  time: 0.4214  data_time: 0.0022  memory: 5377  
2026/03/08 16:21:21 - mmengine - INFO - Epoch(test) [  80/3784]    eta: 0:34:27  time: 0.4202  data_time: 0.0019  memory: 5377  
2026/03/08 16:21:30 - mmengine - INFO - Epoch(test) [ 100/3784]    eta: 0:32:39  time: 0.4251  data_time: 0.0020  memory: 5377  
2026/03/08 16:21:38 - mmengine - INFO - Epoch(test) [ 120/3784]    eta: 0:30:59  time: 0.3519  data_time: 0.0022  memory: 5377  
2026/03/08 16:21:46 - mmengine - INFO - Epoch(test) [ 140/3784]    eta: 0:29:59  time: 0.4266  data_time: 0.0020  memory: 5377  
2026/03/08 16:21:54 - mmengine - INFO - Epoch(test) [ 160/3784]    eta: 0:29:17  time: 0.4229  data_time: 0.0024  memory: 5377  
2026/03/08 16:22:03 - mmengine - INFO - Epoch(test) [ 180/3784]    eta: 0:28:42  time: 0.4207  data_time: 0.0021  memory: 5377  
2026/03/08 16:22:11 - mmengine - INFO - Epoch(test) [ 200/3784]    eta: 0:28:12  time: 0.4211  data_time: 0.0022  memory: 5377  
2026/03/08 16:22:20 - mmengine - INFO - Epoch(test) [ 220/3784]    eta: 0:27:47  time: 0.4262  data_time: 0.0020  memory: 5377  
2026/03/08 16:22:28 - mmengine - INFO - Epoch(test) [ 240/3784]    eta: 0:27:24  time: 0.4237  data_time: 0.0025  memory: 5377  
2026/03/08 16:22:37 - mmengine - INFO - Epoch(test) [ 260/3784]    eta: 0:27:04  time: 0.4232  data_time: 0.0021  memory: 5377  
2026/03/08 16:22:45 - mmengine - INFO - Epoch(test) [ 280/3784]    eta: 0:26:44  time: 0.4221  data_time: 0.0025  memory: 5377  
2026/03/08 16:22:53 - mmengine - INFO - Epoch(test) [ 300/3784]    eta: 0:26:27  time: 0.4216  data_time: 0.0017  memory: 5377  
2026/03/08 16:23:02 - mmengine - INFO - Epoch(test) [ 320/3784]    eta: 0:26:11  time: 0.4213  data_time: 0.0023  memory: 5377  
2026/03/08 16:23:10 - mmengine - INFO - Epoch(test) [ 340/3784]    eta: 0:25:55  time: 0.4230  data_time: 0.0019  memory: 5377  
2026/03/08 16:23:19 - mmengine - INFO - Epoch(test) [ 360/3784]    eta: 0:25:41  time: 0.4229  data_time: 0.0026  memory: 5377  
2026/03/08 16:23:27 - mmengine - INFO - Epoch(test) [ 380/3784]    eta: 0:25:27  time: 0.4239  data_time: 0.0025  memory: 5377  
2026/03/08 16:23:35 - mmengine - INFO - Epoch(test) [ 400/3784]    eta: 0:25:05  time: 0.3626  data_time: 0.0020  memory: 5377  
2026/03/08 16:23:43 - mmengine - INFO - Epoch(test) [ 420/3784]    eta: 0:24:52  time: 0.4284  data_time: 0.0022  memory: 5377  
2026/03/08 16:23:52 - mmengine - INFO - Epoch(test) [ 440/3784]    eta: 0:24:40  time: 0.4237  data_time: 0.0026  memory: 5377  
2026/03/08 16:24:00 - mmengine - INFO - Epoch(test) [ 460/3784]    eta: 0:24:28  time: 0.4201  data_time: 0.0020  memory: 5377  
2026/03/08 16:24:08 - mmengine - INFO - Epoch(test) [ 480/3784]    eta: 0:24:16  time: 0.4246  data_time: 0.0024  memory: 5377  
2026/03/08 16:24:17 - mmengine - INFO - Epoch(test) [ 500/3784]    eta: 0:24:05  time: 0.4229  data_time: 0.0019  memory: 5377  
2026/03/08 16:24:25 - mmengine - INFO - Epoch(test) [ 520/3784]    eta: 0:23:54  time: 0.4226  data_time: 0.0024  memory: 5377  
2026/03/08 16:24:34 - mmengine - INFO - Epoch(test) [ 540/3784]    eta: 0:23:43  time: 0.4244  data_time: 0.0022  memory: 5377  
2026/03/08 16:24:42 - mmengine - INFO - Epoch(test) [ 560/3784]    eta: 0:23:33  time: 0.4250  data_time: 0.0025  memory: 5377  
2026/03/08 16:24:51 - mmengine - INFO - Epoch(test) [ 580/3784]    eta: 0:23:22  time: 0.4209  data_time: 0.0020  memory: 5377  
2026/03/08 16:24:59 - mmengine - INFO - Epoch(test) [ 600/3784]    eta: 0:23:09  time: 0.3675  data_time: 0.0021  memory: 5377  
2026/03/08 16:25:06 - mmengine - INFO - Epoch(test) [ 620/3784]    eta: 0:22:54  time: 0.3928  data_time: 0.0023  memory: 5377  
2026/03/08 16:25:15 - mmengine - INFO - Epoch(test) [ 640/3784]    eta: 0:22:45  time: 0.4417  data_time: 0.0022  memory: 5377  
2026/03/08 16:25:23 - mmengine - INFO - Epoch(test) [ 660/3784]    eta: 0:22:35  time: 0.4201  data_time: 0.0020  memory: 5377  
2026/03/08 16:25:32 - mmengine - INFO - Epoch(test) [ 680/3784]    eta: 0:22:25  time: 0.4235  data_time: 0.0027  memory: 5377  
2026/03/08 16:25:40 - mmengine - INFO - Epoch(test) [ 700/3784]    eta: 0:22:16  time: 0.4225  data_time: 0.0020  memory: 5377  
2026/03/08 16:25:48 - mmengine - INFO - Epoch(test) [ 720/3784]    eta: 0:22:06  time: 0.4255  data_time: 0.0022  memory: 5377  
2026/03/08 16:25:57 - mmengine - INFO - Epoch(test) [ 740/3784]    eta: 0:21:57  time: 0.4247  data_time: 0.0017  memory: 5377  
2026/03/08 16:26:05 - mmengine - INFO - Epoch(test) [ 760/3784]    eta: 0:21:47  time: 0.4184  data_time: 0.0023  memory: 5377  
2026/03/08 16:26:13 - mmengine - INFO - Epoch(test) [ 780/3784]    eta: 0:21:35  time: 0.3469  data_time: 0.0018  memory: 5377  
2026/03/08 16:26:20 - mmengine - INFO - Epoch(test) [ 800/3784]    eta: 0:21:22  time: 0.4039  data_time: 0.0021  memory: 5377  
2026/03/08 16:26:29 - mmengine - INFO - Epoch(test) [ 820/3784]    eta: 0:21:13  time: 0.4189  data_time: 0.0020  memory: 5377  
2026/03/08 16:26:37 - mmengine - INFO - Epoch(test) [ 840/3784]    eta: 0:21:04  time: 0.4253  data_time: 0.0024  memory: 5377  
2026/03/08 16:26:46 - mmengine - INFO - Epoch(test) [ 860/3784]    eta: 0:20:54  time: 0.4188  data_time: 0.0021  memory: 5377  
2026/03/08 16:26:54 - mmengine - INFO - Epoch(test) [ 880/3784]    eta: 0:20:45  time: 0.4196  data_time: 0.0023  memory: 5377  
2026/03/08 16:27:03 - mmengine - INFO - Epoch(test) [ 900/3784]    eta: 0:20:36  time: 0.4227  data_time: 0.0018  memory: 5377  
2026/03/08 16:27:11 - mmengine - INFO - Epoch(test) [ 920/3784]    eta: 0:20:27  time: 0.4213  data_time: 0.0024  memory: 5377  
2026/03/08 16:27:19 - mmengine - INFO - Epoch(test) [ 940/3784]    eta: 0:20:18  time: 0.4204  data_time: 0.0023  memory: 5377  
2026/03/08 16:27:28 - mmengine - INFO - Epoch(test) [ 960/3784]    eta: 0:20:09  time: 0.4237  data_time: 0.0024  memory: 5377  
2026/03/08 16:27:36 - mmengine - INFO - Epoch(test) [ 980/3784]    eta: 0:20:00  time: 0.4195  data_time: 0.0022  memory: 5377  
2026/03/08 16:27:45 - mmengine - INFO - Epoch(test) [1000/3784]    eta: 0:19:51  time: 0.4249  data_time: 0.0025  memory: 5377  
2026/03/08 16:27:53 - mmengine - INFO - Epoch(test) [1020/3784]    eta: 0:19:41  time: 0.3899  data_time: 0.0018  memory: 5377  
2026/03/08 16:28:01 - mmengine - INFO - Epoch(test) [1040/3784]    eta: 0:19:32  time: 0.4238  data_time: 0.0023  memory: 5377  
2026/03/08 16:28:10 - mmengine - INFO - Epoch(test) [1060/3784]    eta: 0:19:23  time: 0.4219  data_time: 0.0023  memory: 5377  
2026/03/08 16:28:18 - mmengine - INFO - Epoch(test) [1080/3784]    eta: 0:19:14  time: 0.4224  data_time: 0.0021  memory: 5377  
2026/03/08 16:28:26 - mmengine - INFO - Epoch(test) [1100/3784]    eta: 0:19:06  time: 0.4266  data_time: 0.0024  memory: 5377  
2026/03/08 16:28:35 - mmengine - INFO - Epoch(test) [1120/3784]    eta: 0:18:57  time: 0.4193  data_time: 0.0022  memory: 5377  
2026/03/08 16:28:43 - mmengine - INFO - Epoch(test) [1140/3784]    eta: 0:18:48  time: 0.4236  data_time: 0.0020  memory: 5377  
2026/03/08 16:28:52 - mmengine - INFO - Epoch(test) [1160/3784]    eta: 0:18:39  time: 0.4133  data_time: 0.0024  memory: 5377  
2026/03/08 16:29:00 - mmengine - INFO - Epoch(test) [1180/3784]    eta: 0:18:29  time: 0.3970  data_time: 0.0024  memory: 5377  
2026/03/08 16:29:08 - mmengine - INFO - Epoch(test) [1200/3784]    eta: 0:18:21  time: 0.4405  data_time: 0.0019  memory: 5377  
2026/03/08 16:29:16 - mmengine - INFO - Epoch(test) [1220/3784]    eta: 0:18:11  time: 0.3755  data_time: 0.0017  memory: 5377  
2026/03/08 16:29:24 - mmengine - INFO - Epoch(test) [1240/3784]    eta: 0:18:01  time: 0.4082  data_time: 0.0021  memory: 5377  
2026/03/08 16:29:32 - mmengine - INFO - Epoch(test) [1260/3784]    eta: 0:17:53  time: 0.4203  data_time: 0.0020  memory: 5377  
2026/03/08 16:29:41 - mmengine - INFO - Epoch(test) [1280/3784]    eta: 0:17:44  time: 0.3907  data_time: 0.0020  memory: 5377  
2026/03/08 16:29:48 - mmengine - INFO - Epoch(test) [1300/3784]    eta: 0:17:33  time: 0.3731  data_time: 0.0021  memory: 5377  
2026/03/08 16:29:56 - mmengine - INFO - Epoch(test) [1320/3784]    eta: 0:17:23  time: 0.3660  data_time: 0.0017  memory: 5377  
2026/03/08 16:30:03 - mmengine - INFO - Epoch(test) [1340/3784]    eta: 0:17:13  time: 0.3672  data_time: 0.0018  memory: 5377  
2026/03/08 16:30:10 - mmengine - INFO - Epoch(test) [1360/3784]    eta: 0:17:02  time: 0.3624  data_time: 0.0016  memory: 5377  
2026/03/08 16:30:18 - mmengine - INFO - Epoch(test) [1380/3784]    eta: 0:16:51  time: 0.3625  data_time: 0.0016  memory: 5377  
2026/03/08 16:30:25 - mmengine - INFO - Epoch(test) [1400/3784]    eta: 0:16:41  time: 0.3639  data_time: 0.0018  memory: 5377  
2026/03/08 16:30:33 - mmengine - INFO - Epoch(test) [1420/3784]    eta: 0:16:33  time: 0.4189  data_time: 0.0021  memory: 5377  
2026/03/08 16:30:41 - mmengine - INFO - Epoch(test) [1440/3784]    eta: 0:16:23  time: 0.3629  data_time: 0.0022  memory: 5377  
2026/03/08 16:30:48 - mmengine - INFO - Epoch(test) [1460/3784]    eta: 0:16:13  time: 0.3708  data_time: 0.0019  memory: 5377  
2026/03/08 16:30:56 - mmengine - INFO - Epoch(test) [1480/3784]    eta: 0:16:03  time: 0.3700  data_time: 0.0017  memory: 5377  
2026/03/08 16:31:03 - mmengine - INFO - Epoch(test) [1500/3784]    eta: 0:15:53  time: 0.3620  data_time: 0.0019  memory: 5377  
2026/03/08 16:31:11 - mmengine - INFO - Epoch(test) [1520/3784]    eta: 0:15:44  time: 0.3741  data_time: 0.0017  memory: 5377  
2026/03/08 16:31:18 - mmengine - INFO - Epoch(test) [1540/3784]    eta: 0:15:34  time: 0.3742  data_time: 0.0020  memory: 5377  
2026/03/08 16:31:26 - mmengine - INFO - Epoch(test) [1560/3784]    eta: 0:15:25  time: 0.3949  data_time: 0.0019  memory: 5377  
2026/03/08 16:31:33 - mmengine - INFO - Epoch(test) [1580/3784]    eta: 0:15:15  time: 0.3681  data_time: 0.0016  memory: 5377  
2026/03/08 16:31:40 - mmengine - INFO - Epoch(test) [1600/3784]    eta: 0:15:05  time: 0.3534  data_time: 0.0019  memory: 5377  
2026/03/08 16:31:48 - mmengine - INFO - Epoch(test) [1620/3784]    eta: 0:14:56  time: 0.3685  data_time: 0.0018  memory: 5377  
2026/03/08 16:31:55 - mmengine - INFO - Epoch(test) [1640/3784]    eta: 0:14:46  time: 0.3586  data_time: 0.0021  memory: 5377  
2026/03/08 16:32:02 - mmengine - INFO - Epoch(test) [1660/3784]    eta: 0:14:36  time: 0.3775  data_time: 0.0020  memory: 5377  
2026/03/08 16:32:10 - mmengine - INFO - Epoch(test) [1680/3784]    eta: 0:14:28  time: 0.3779  data_time: 0.0018  memory: 5377  
2026/03/08 16:32:18 - mmengine - INFO - Epoch(test) [1700/3784]    eta: 0:14:19  time: 0.3803  data_time: 0.0020  memory: 5377  
2026/03/08 16:32:25 - mmengine - INFO - Epoch(test) [1720/3784]    eta: 0:14:10  time: 0.4049  data_time: 0.0031  memory: 5377  
2026/03/08 16:32:33 - mmengine - INFO - Epoch(test) [1740/3784]    eta: 0:14:00  time: 0.3541  data_time: 0.0018  memory: 5377  
2026/03/08 16:32:40 - mmengine - INFO - Epoch(test) [1760/3784]    eta: 0:13:51  time: 0.3784  data_time: 0.0018  memory: 5377  
2026/03/08 16:32:48 - mmengine - INFO - Epoch(test) [1780/3784]    eta: 0:13:42  time: 0.3957  data_time: 0.0023  memory: 5377  
2026/03/08 16:32:55 - mmengine - INFO - Epoch(test) [1800/3784]    eta: 0:13:33  time: 0.3689  data_time: 0.0019  memory: 5377  
2026/03/08 16:33:03 - mmengine - INFO - Epoch(test) [1820/3784]    eta: 0:13:24  time: 0.4038  data_time: 0.0026  memory: 5377  
2026/03/08 16:33:11 - mmengine - INFO - Epoch(test) [1840/3784]    eta: 0:13:16  time: 0.4149  data_time: 0.0021  memory: 5377  
2026/03/08 16:33:19 - mmengine - INFO - Epoch(test) [1860/3784]    eta: 0:13:08  time: 0.3711  data_time: 0.0023  memory: 5377  
2026/03/08 16:33:26 - mmengine - INFO - Epoch(test) [1880/3784]    eta: 0:12:59  time: 0.4001  data_time: 0.0023  memory: 5377  
2026/03/08 16:33:34 - mmengine - INFO - Epoch(test) [1900/3784]    eta: 0:12:50  time: 0.3610  data_time: 0.0021  memory: 5377  
2026/03/08 16:33:41 - mmengine - INFO - Epoch(test) [1920/3784]    eta: 0:12:41  time: 0.3622  data_time: 0.0020  memory: 5377  
2026/03/08 16:33:48 - mmengine - INFO - Epoch(test) [1940/3784]    eta: 0:12:32  time: 0.3632  data_time: 0.0020  memory: 5377  
2026/03/08 16:33:56 - mmengine - INFO - Epoch(test) [1960/3784]    eta: 0:12:23  time: 0.3632  data_time: 0.0018  memory: 5377  
2026/03/08 16:34:03 - mmengine - INFO - Epoch(test) [1980/3784]    eta: 0:12:14  time: 0.3652  data_time: 0.0016  memory: 5377  
2026/03/08 16:34:10 - mmengine - INFO - Epoch(test) [2000/3784]    eta: 0:12:05  time: 0.3633  data_time: 0.0018  memory: 5377  
2026/03/08 16:34:17 - mmengine - INFO - Epoch(test) [2020/3784]    eta: 0:11:56  time: 0.3638  data_time: 0.0020  memory: 5377  
2026/03/08 16:34:25 - mmengine - INFO - Epoch(test) [2040/3784]    eta: 0:11:47  time: 0.3640  data_time: 0.0021  memory: 5377  
2026/03/08 16:34:33 - mmengine - INFO - Epoch(test) [2060/3784]    eta: 0:11:39  time: 0.3743  data_time: 0.0021  memory: 5377  
2026/03/08 16:34:40 - mmengine - INFO - Epoch(test) [2080/3784]    eta: 0:11:30  time: 0.3768  data_time: 0.0022  memory: 5377  
2026/03/08 16:34:48 - mmengine - INFO - Epoch(test) [2100/3784]    eta: 0:11:22  time: 0.3723  data_time: 0.0019  memory: 5377  
2026/03/08 16:34:55 - mmengine - INFO - Epoch(test) [2120/3784]    eta: 0:11:13  time: 0.3760  data_time: 0.0019  memory: 5377  
2026/03/08 16:35:03 - mmengine - INFO - Epoch(test) [2140/3784]    eta: 0:11:05  time: 0.3772  data_time: 0.0024  memory: 5377  
2026/03/08 16:35:11 - mmengine - INFO - Epoch(test) [2160/3784]    eta: 0:10:57  time: 0.4224  data_time: 0.0021  memory: 5377  
2026/03/08 16:35:19 - mmengine - INFO - Epoch(test) [2180/3784]    eta: 0:10:48  time: 0.3879  data_time: 0.0022  memory: 5377  
2026/03/08 16:35:26 - mmengine - INFO - Epoch(test) [2200/3784]    eta: 0:10:40  time: 0.3738  data_time: 0.0018  memory: 5377  
2026/03/08 16:35:34 - mmengine - INFO - Epoch(test) [2220/3784]    eta: 0:10:31  time: 0.3732  data_time: 0.0019  memory: 5377  
2026/03/08 16:35:41 - mmengine - INFO - Epoch(test) [2240/3784]    eta: 0:10:23  time: 0.3762  data_time: 0.0023  memory: 5377  
2026/03/08 16:35:49 - mmengine - INFO - Epoch(test) [2260/3784]    eta: 0:10:14  time: 0.3759  data_time: 0.0016  memory: 5377  
2026/03/08 16:35:57 - mmengine - INFO - Epoch(test) [2280/3784]    eta: 0:10:06  time: 0.3768  data_time: 0.0019  memory: 5377  
2026/03/08 16:36:04 - mmengine - INFO - Epoch(test) [2300/3784]    eta: 0:09:58  time: 0.3849  data_time: 0.0017  memory: 5377  
2026/03/08 16:36:12 - mmengine - INFO - Epoch(test) [2320/3784]    eta: 0:09:49  time: 0.3752  data_time: 0.0017  memory: 5377  
2026/03/08 16:36:19 - mmengine - INFO - Epoch(test) [2340/3784]    eta: 0:09:41  time: 0.3724  data_time: 0.0018  memory: 5377  
2026/03/08 16:36:27 - mmengine - INFO - Epoch(test) [2360/3784]    eta: 0:09:33  time: 0.3743  data_time: 0.0021  memory: 5377  
2026/03/08 16:36:34 - mmengine - INFO - Epoch(test) [2380/3784]    eta: 0:09:24  time: 0.3733  data_time: 0.0017  memory: 5377  
2026/03/08 16:36:42 - mmengine - INFO - Epoch(test) [2400/3784]    eta: 0:09:16  time: 0.3743  data_time: 0.0020  memory: 5377  
2026/03/08 16:36:49 - mmengine - INFO - Epoch(test) [2420/3784]    eta: 0:09:08  time: 0.3769  data_time: 0.0019  memory: 5377  
2026/03/08 16:36:57 - mmengine - INFO - Epoch(test) [2440/3784]    eta: 0:08:59  time: 0.4086  data_time: 0.0021  memory: 5377  
2026/03/08 16:37:05 - mmengine - INFO - Epoch(test) [2460/3784]    eta: 0:08:51  time: 0.3714  data_time: 0.0022  memory: 5377  
2026/03/08 16:37:12 - mmengine - INFO - Epoch(test) [2480/3784]    eta: 0:08:43  time: 0.3669  data_time: 0.0023  memory: 5377  
2026/03/08 16:37:20 - mmengine - INFO - Epoch(test) [2500/3784]    eta: 0:08:35  time: 0.3804  data_time: 0.0023  memory: 5377  
2026/03/08 16:37:27 - mmengine - INFO - Epoch(test) [2520/3784]    eta: 0:08:26  time: 0.3950  data_time: 0.0019  memory: 5377  
2026/03/08 16:37:35 - mmengine - INFO - Epoch(test) [2540/3784]    eta: 0:08:18  time: 0.3692  data_time: 0.0017  memory: 5377  
2026/03/08 16:37:42 - mmengine - INFO - Epoch(test) [2560/3784]    eta: 0:08:10  time: 0.3575  data_time: 0.0017  memory: 5377  
2026/03/08 16:37:49 - mmengine - INFO - Epoch(test) [2580/3784]    eta: 0:08:01  time: 0.3604  data_time: 0.0020  memory: 5377  
2026/03/08 16:37:57 - mmengine - INFO - Epoch(test) [2600/3784]    eta: 0:07:53  time: 0.3875  data_time: 0.0017  memory: 5377  
2026/03/08 16:38:04 - mmengine - INFO - Epoch(test) [2620/3784]    eta: 0:07:45  time: 0.3806  data_time: 0.0019  memory: 5377  
2026/03/08 16:38:11 - mmengine - INFO - Epoch(test) [2640/3784]    eta: 0:07:37  time: 0.3499  data_time: 0.0018  memory: 5377  
2026/03/08 16:38:19 - mmengine - INFO - Epoch(test) [2660/3784]    eta: 0:07:28  time: 0.3615  data_time: 0.0018  memory: 5377  
2026/03/08 16:38:26 - mmengine - INFO - Epoch(test) [2680/3784]    eta: 0:07:20  time: 0.3557  data_time: 0.0016  memory: 5377  
2026/03/08 16:38:33 - mmengine - INFO - Epoch(test) [2700/3784]    eta: 0:07:12  time: 0.3836  data_time: 0.0022  memory: 5377  
2026/03/08 16:38:41 - mmengine - INFO - Epoch(test) [2720/3784]    eta: 0:07:03  time: 0.3509  data_time: 0.0021  memory: 5377  
2026/03/08 16:38:48 - mmengine - INFO - Epoch(test) [2740/3784]    eta: 0:06:55  time: 0.3650  data_time: 0.0020  memory: 5377  
2026/03/08 16:38:55 - mmengine - INFO - Epoch(test) [2760/3784]    eta: 0:06:47  time: 0.3676  data_time: 0.0019  memory: 5377  
2026/03/08 16:39:02 - mmengine - INFO - Epoch(test) [2780/3784]    eta: 0:06:39  time: 0.3641  data_time: 0.0019  memory: 5377  
2026/03/08 16:39:10 - mmengine - INFO - Epoch(test) [2800/3784]    eta: 0:06:31  time: 0.3814  data_time: 0.0021  memory: 5377  
2026/03/08 16:39:18 - mmengine - INFO - Epoch(test) [2820/3784]    eta: 0:06:23  time: 0.3680  data_time: 0.0017  memory: 5377  
2026/03/08 16:39:25 - mmengine - INFO - Epoch(test) [2840/3784]    eta: 0:06:15  time: 0.3600  data_time: 0.0022  memory: 5377  
2026/03/08 16:39:32 - mmengine - INFO - Epoch(test) [2860/3784]    eta: 0:06:06  time: 0.3642  data_time: 0.0019  memory: 5377  
2026/03/08 16:39:40 - mmengine - INFO - Epoch(test) [2880/3784]    eta: 0:05:58  time: 0.3603  data_time: 0.0022  memory: 5377  
2026/03/08 16:39:48 - mmengine - INFO - Epoch(test) [2900/3784]    eta: 0:05:50  time: 0.4173  data_time: 0.0021  memory: 5377  
2026/03/08 16:39:56 - mmengine - INFO - Epoch(test) [2920/3784]    eta: 0:05:43  time: 0.4250  data_time: 0.0018  memory: 5377  
2026/03/08 16:40:04 - mmengine - INFO - Epoch(test) [2940/3784]    eta: 0:05:35  time: 0.3885  data_time: 0.0020  memory: 5377  
2026/03/08 16:40:13 - mmengine - INFO - Epoch(test) [2960/3784]    eta: 0:05:27  time: 0.4107  data_time: 0.0021  memory: 5377  
2026/03/08 16:40:21 - mmengine - INFO - Epoch(test) [2980/3784]    eta: 0:05:19  time: 0.4204  data_time: 0.0019  memory: 5377  
2026/03/08 16:40:30 - mmengine - INFO - Epoch(test) [3000/3784]    eta: 0:05:11  time: 0.4211  data_time: 0.0021  memory: 5377  
2026/03/08 16:40:38 - mmengine - INFO - Epoch(test) [3020/3784]    eta: 0:05:03  time: 0.3798  data_time: 0.0018  memory: 5377  
2026/03/08 16:40:46 - mmengine - INFO - Epoch(test) [3040/3784]    eta: 0:04:55  time: 0.3971  data_time: 0.0018  memory: 5377  
2026/03/08 16:40:54 - mmengine - INFO - Epoch(test) [3060/3784]    eta: 0:04:47  time: 0.4158  data_time: 0.0019  memory: 5377  
2026/03/08 16:41:02 - mmengine - INFO - Epoch(test) [3080/3784]    eta: 0:04:40  time: 0.4005  data_time: 0.0018  memory: 5377  
2026/03/08 16:41:10 - mmengine - INFO - Epoch(test) [3100/3784]    eta: 0:04:32  time: 0.3781  data_time: 0.0020  memory: 5377  
2026/03/08 16:41:17 - mmengine - INFO - Epoch(test) [3120/3784]    eta: 0:04:24  time: 0.3800  data_time: 0.0019  memory: 5377  
2026/03/08 16:41:25 - mmengine - INFO - Epoch(test) [3140/3784]    eta: 0:04:15  time: 0.3693  data_time: 0.0021  memory: 5377  
2026/03/08 16:41:33 - mmengine - INFO - Epoch(test) [3160/3784]    eta: 0:04:08  time: 0.4144  data_time: 0.0018  memory: 5377  
2026/03/08 16:41:41 - mmengine - INFO - Epoch(test) [3180/3784]    eta: 0:04:00  time: 0.4129  data_time: 0.0021  memory: 5377  
2026/03/08 16:41:49 - mmengine - INFO - Epoch(test) [3200/3784]    eta: 0:03:52  time: 0.4145  data_time: 0.0018  memory: 5377  
2026/03/08 16:41:58 - mmengine - INFO - Epoch(test) [3220/3784]    eta: 0:03:44  time: 0.4145  data_time: 0.0021  memory: 5377  
2026/03/08 16:42:05 - mmengine - INFO - Epoch(test) [3240/3784]    eta: 0:03:36  time: 0.3705  data_time: 0.0021  memory: 5377  
2026/03/08 16:42:13 - mmengine - INFO - Epoch(test) [3260/3784]    eta: 0:03:28  time: 0.3779  data_time: 0.0022  memory: 5377  
2026/03/08 16:42:21 - mmengine - INFO - Epoch(test) [3280/3784]    eta: 0:03:20  time: 0.4151  data_time: 0.0021  memory: 5377  
2026/03/08 16:42:29 - mmengine - INFO - Epoch(test) [3300/3784]    eta: 0:03:12  time: 0.4122  data_time: 0.0020  memory: 5377  
2026/03/08 16:42:38 - mmengine - INFO - Epoch(test) [3320/3784]    eta: 0:03:04  time: 0.4260  data_time: 0.0018  memory: 5377  
2026/03/08 16:42:46 - mmengine - INFO - Epoch(test) [3340/3784]    eta: 0:02:56  time: 0.4111  data_time: 0.0018  memory: 5377  
2026/03/08 16:42:54 - mmengine - INFO - Epoch(test) [3360/3784]    eta: 0:02:48  time: 0.3567  data_time: 0.0016  memory: 5377  
2026/03/08 16:43:01 - mmengine - INFO - Epoch(test) [3380/3784]    eta: 0:02:40  time: 0.3677  data_time: 0.0020  memory: 5377  
2026/03/08 16:43:08 - mmengine - INFO - Epoch(test) [3400/3784]    eta: 0:02:32  time: 0.3617  data_time: 0.0015  memory: 5377  
2026/03/08 16:43:15 - mmengine - INFO - Epoch(test) [3420/3784]    eta: 0:02:24  time: 0.3522  data_time: 0.0017  memory: 5377  
2026/03/08 16:43:23 - mmengine - INFO - Epoch(test) [3440/3784]    eta: 0:02:16  time: 0.3586  data_time: 0.0018  memory: 5377  
2026/03/08 16:43:30 - mmengine - INFO - Epoch(test) [3460/3784]    eta: 0:02:08  time: 0.3696  data_time: 0.0018  memory: 5377  
2026/03/08 16:43:37 - mmengine - INFO - Epoch(test) [3480/3784]    eta: 0:02:00  time: 0.3979  data_time: 0.0028  memory: 5377  
2026/03/08 16:43:45 - mmengine - INFO - Epoch(test) [3500/3784]    eta: 0:01:52  time: 0.3484  data_time: 0.0017  memory: 5377  
2026/03/08 16:43:52 - mmengine - INFO - Epoch(test) [3520/3784]    eta: 0:01:44  time: 0.3939  data_time: 0.0020  memory: 5377  
2026/03/08 16:44:00 - mmengine - INFO - Epoch(test) [3540/3784]    eta: 0:01:36  time: 0.4018  data_time: 0.0029  memory: 5377  
2026/03/08 16:44:08 - mmengine - INFO - Epoch(test) [3560/3784]    eta: 0:01:28  time: 0.4252  data_time: 0.0019  memory: 5377  
2026/03/08 16:44:16 - mmengine - INFO - Epoch(test) [3580/3784]    eta: 0:01:20  time: 0.4210  data_time: 0.0022  memory: 5377  
2026/03/08 16:44:24 - mmengine - INFO - Epoch(test) [3600/3784]    eta: 0:01:12  time: 0.3679  data_time: 0.0020  memory: 5377  
2026/03/08 16:44:31 - mmengine - INFO - Epoch(test) [3620/3784]    eta: 0:01:04  time: 0.3918  data_time: 0.0022  memory: 5377  
2026/03/08 16:44:39 - mmengine - INFO - Epoch(test) [3640/3784]    eta: 0:00:57  time: 0.3784  data_time: 0.0016  memory: 5377  
2026/03/08 16:44:47 - mmengine - INFO - Epoch(test) [3660/3784]    eta: 0:00:49  time: 0.4118  data_time: 0.0016  memory: 5377  
2026/03/08 16:44:56 - mmengine - INFO - Epoch(test) [3680/3784]    eta: 0:00:41  time: 0.4396  data_time: 0.0023  memory: 5377  
2026/03/08 16:45:04 - mmengine - INFO - Epoch(test) [3700/3784]    eta: 0:00:33  time: 0.4189  data_time: 0.0018  memory: 5377  
2026/03/08 16:45:12 - mmengine - INFO - Epoch(test) [3720/3784]    eta: 0:00:25  time: 0.3535  data_time: 0.0019  memory: 5377  
2026/03/08 16:45:19 - mmengine - INFO - Epoch(test) [3740/3784]    eta: 0:00:17  time: 0.4033  data_time: 0.0024  memory: 5377  
2026/03/08 16:45:27 - mmengine - INFO - Epoch(test) [3760/3784]    eta: 0:00:09  time: 0.3823  data_time: 0.0018  memory: 5377  
2026/03/08 16:45:35 - mmengine - INFO - Epoch(test) [3780/3784]    eta: 0:00:01  time: 0.3938  data_time: 0.0020  memory: 5377  
2026/03/08 16:45:37 - mmengine - INFO - 
=====================================================================================
2026/03/08 16:45:37 - mmengine - INFO -  [Task 1 - Building Segmentation]
2026/03/08 16:45:37 - mmengine - INFO -   >> mIoU: 86.52% | Dice: 92.78% | Prec: 92.57% | Rec: 92.99%
2026/03/08 16:45:37 - mmengine - INFO - -------------------------------------------------------------------------------------
2026/03/08 16:45:37 - mmengine - INFO -  [Task 2 - Function Reasoning (Overall)]
2026/03/08 16:45:37 - mmengine - INFO -   >> Overall Acc: 74.60% | Macro F1: 72.94% | Weighted F1: 74.61%
2026/03/08 16:45:37 - mmengine - INFO -   >> Macro Prec: 73.08% | Macro Rec: 72.84%
2026/03/08 16:45:37 - mmengine - INFO -  [Analysis] High-IoU (>0.8) Macro F1: 72.93%
2026/03/08 16:45:37 - mmengine - INFO - -------------------------------------------------------------------------------------
2026/03/08 16:45:37 - mmengine - INFO -  Class-wise Performance:
+-----------------------+--------+----------+---------+---------+
|       Class Name      | F1 (%) | Prec (%) | Rec (%) | Support |
+-----------------------+--------+----------+---------+---------+
|      Residential      | 83.85  |  84.32   |  83.38  |   1600  |
| Commercial-Industrial | 65.25  |  66.67   |  63.89  |   914   |
|     Public service    | 69.72  |  68.25   |  71.26  |   1270  |
+-----------------------+--------+----------+---------+---------+
2026/03/08 16:45:37 - mmengine - INFO - -------------------------------------------------------------------------------------
2026/03/08 16:45:37 - mmengine - INFO -  Confusion Matrix (Vertical: Pred, Horizontal: GT):
+-----------------------+-------------+-----------------------+----------------+
|      (Pred \ GT)      | Residential | Commercial-Industrial | Public service |
+-----------------------+-------------+-----------------------+----------------+
|      Residential      |     1334    |           97          |      169       |
| Commercial-Industrial |      78     |          584          |      252       |
|     Public service    |     170     |          195          |      905       |
+-----------------------+-------------+-----------------------+----------------+
2026/03/08 16:45:37 - mmengine - INFO - =====================================================================================

2026/03/08 16:45:37 - mmengine - INFO - Epoch(test) [3784/3784]    RefSegClsMetric/Building_IoU: 86.5241  RefSegClsMetric/Building_Dice: 92.7753  RefSegClsMetric/Function_F1_Macro: 72.9402  RefSegClsMetric/Function_F1_Weighted: 74.6147  RefSegClsMetric/Function_Acc: 74.6036  data_time: 0.0047  time: 0.3963
