2026/03/08 17:32:09 - mmengine - INFO - 
------------------------------------------------------------
System environment:
    sys.platform: win32
    Python: 3.11.11 | packaged by Anaconda, Inc. | (main, Dec 11 2024, 16:34:19) [MSC v.1929 64 bit (AMD64)]
    CUDA available: True
    MUSA available: False
    numpy_random_seed: 22220555
    GPU 0: NVIDIA GeForce RTX 4060 Ti
    CUDA_HOME: C:\Program Files\NVIDIA GPU Computing Toolkit\CUDA\v12.1
    NVCC: Cuda compilation tools, release 12.1, V12.1.66
    MSVC: ÓĂÓÚ x64 µÄ Microsoft (R) C/C++ ÓĹ»Ż±ŕŇëĆ÷ 19.29.30146 °ć
    GCC: n/a
    PyTorch: 2.3.0+cu121
    PyTorch compiling details: PyTorch built with:
  - C++ Version: 201703
  - MSVC 192930151
  - Intel(R) oneAPI Math Kernel Library Version 2021.4-Product Build 20210904 for Intel(R) 64 architecture applications
  - Intel(R) MKL-DNN v3.3.6 (Git Hash 86e6af5974177e513fd3fee58425e1063e7f1361)
  - OpenMP 2019
  - LAPACK is enabled (usually provided by MKL)
  - CPU capability usage: AVX2
  - CUDA Runtime 12.1
  - NVCC architecture flags: -gencode;arch=compute_50,code=sm_50;-gencode;arch=compute_60,code=sm_60;-gencode;arch=compute_61,code=sm_61;-gencode;arch=compute_70,code=sm_70;-gencode;arch=compute_75,code=sm_75;-gencode;arch=compute_80,code=sm_80;-gencode;arch=compute_86,code=sm_86;-gencode;arch=compute_90,code=sm_90
  - CuDNN 8.8.1  (built against CUDA 12.0)
  - Magma 2.5.4
  - Build settings: BLAS_INFO=mkl, BUILD_TYPE=Release, CUDA_VERSION=12.1, CUDNN_VERSION=8.8.1, CXX_COMPILER=C:/actions-runner/_work/pytorch/pytorch/builder/windows/tmp_bin/sccache-cl.exe, CXX_FLAGS=/DWIN32 /D_WINDOWS /GR /EHsc /Zc:__cplusplus /bigobj /FS /utf-8 -DUSE_PTHREADPOOL -DNDEBUG -DUSE_KINETO -DLIBKINETO_NOCUPTI -DLIBKINETO_NOROCTRACER -DUSE_FBGEMM -DUSE_XNNPACK -DSYMBOLICATE_MOBILE_DEBUG_HANDLE /wd4624 /wd4068 /wd4067 /wd4267 /wd4661 /wd4717 /wd4244 /wd4804 /wd4273, LAPACK_INFO=mkl, PERF_WITH_AVX=1, PERF_WITH_AVX2=1, PERF_WITH_AVX512=1, TORCH_VERSION=2.3.0, USE_CUDA=ON, USE_CUDNN=ON, USE_CUSPARSELT=OFF, USE_EXCEPTION_PTR=1, USE_GFLAGS=OFF, USE_GLOG=OFF, USE_GLOO=ON, USE_MKL=ON, USE_MKLDNN=ON, USE_MPI=OFF, USE_NCCL=OFF, USE_NNPACK=OFF, USE_OPENMP=ON, USE_ROCM=OFF, USE_ROCM_KERNEL_ASSERT=OFF, 

    TorchVision: 0.18.0+cu121
    OpenCV: 4.11.0
    MMEngine: 0.10.7

Runtime environment:
    cudnn_benchmark: False
    mp_cfg: {'mp_start_method': 'fork', 'opencv_num_threads': 0}
    dist_cfg: {'backend': 'nccl'}
    seed: 22220555
    Distributed launcher: none
    Distributed training: False
    GPU number: 1
------------------------------------------------------------

2026/03/08 17:32:10 - mmengine - INFO - Config:
base_lr = 0.0001
batch_size = 1
building_labels_root = './dataset/building_labels'
crop_size = (
    1024,
    1024,
)
custom_imports = dict(
    allow_failed_imports=False, imports=[
        'rsris',
    ])
data_preprocessor = dict(
    bgr_to_rgb=True,
    mean=[
        0,
        0,
        0,
    ],
    pad_val=0,
    seg_pad_val=255,
    size=(
        1024,
        1024,
    ),
    std=[
        255.0,
        255.0,
        255.0,
    ],
    type='SegDataPreProcessor')
data_root = './dataset/JL_Images'
dataset_type = 'rsris.datasets.refdataset.RefSegDataset'
default_hooks = dict(
    checkpoint=dict(
        by_epoch=True,
        interval=1,
        max_keep_ckpts=5,
        rule='greater',
        save_best='RefSegClsMetric/Function_F1_Macro',
        save_last=True,
        type='mmengine.hooks.CheckpointHook'),
    early_stop=dict(
        min_delta=0.0001,
        monitor='RefSegClsMetric/Function_F1_Macro',
        patience=20,
        rule='greater',
        type='EarlyStoppingHook'),
    logger=dict(
        interval=20,
        log_metric_by_epoch=False,
        type='mmengine.hooks.LoggerHook'),
    param_scheduler=dict(type='mmengine.hooks.ParamSchedulerHook'),
    sampler_seed=dict(type='mmengine.hooks.DistSamplerSeedHook'),
    timer=dict(type='mmengine.hooks.IterTimerHook'),
    visualization=dict(type='mmseg.engine.SegVisualizationHook'))
default_scope = 'mmseg'
env_cfg = dict(
    cudnn_benchmark=False,
    dist_cfg=dict(backend='nccl'),
    mp_cfg=dict(mp_start_method='fork', opencv_num_threads=0))
find_unused_parameters = True
init_from = None
launcher = 'none'
load_from = 'H:\\train_results\\20260307\\03-easy-cls-0124/best_epoch_21.pth'
log_level = 'INFO'
log_processor = dict(by_epoch=True)
max_epochs = 100
model = dict(
    backbone=dict(
        model_name_or_path='KyanChen/sam-vit-base',
        type='rsris.models.models.RefSegSamVisionEncoder'),
    clip_text_encoder=dict(
        model_name_or_path='lcybuaa1111/Git-RSCLIP',
        type='rsris.models.models.RefSegSiglipTextModel'),
    clip_vision_encoder=dict(
        model_name_or_path='lcybuaa1111/Git-RSCLIP',
        type='rsris.models.models.RefSegSiglipVisionModel'),
    cls_head=dict(
        dropout_ratio=0.1,
        in_channels=1024,
        loss_cls=dict(
            loss_name='loss_function_cls',
            loss_weight=3.0,
            type='mmseg.CrossEntropyLoss',
            use_sigmoid=False),
        norm_cfg=dict(num_groups=32, requires_grad=True, type='GN'),
        num_classes=3,
        type='ReasoningClsHead'),
    data_preprocessor=dict(
        bgr_to_rgb=True,
        mean=[
            0,
            0,
            0,
        ],
        pad_val=0,
        seg_pad_val=255,
        size=(
            1024,
            1024,
        ),
        std=[
            255.0,
            255.0,
            255.0,
        ],
        type='SegDataPreProcessor'),
    init_cfg=None,
    lora_cfg=dict(
        backbone=dict(
            lora_alpha=32,
            lora_dropout=0.1,
            r=16,
            target_modules=[
                'qkv',
                'proj',
                'lin1',
                'lin2',
                'neck.conv1',
                'neck.conv2',
            ]),
        clip_text_encoder=dict(
            lora_alpha=32,
            lora_dropout=0.1,
            r=16,
            target_modules=[
                'k_proj',
                'v_proj',
                'q_proj',
                'out_proj',
                'mlp.fc1',
                'mlp.fc2',
            ]),
        clip_vision_encoder=dict(
            lora_alpha=16,
            lora_dropout=0.1,
            r=8,
            target_modules=[
                'q_proj',
                'v_proj',
            ])),
    norm_cfg=dict(num_groups=32, requires_grad=True, type='GN'),
    sam_mask_decoder=dict(
        model_name_or_path='KyanChen/sam-vit-base',
        type='rsris.models.models.RefSegSamMaskDecoder'),
    sam_prompt_encoder=dict(
        model_name_or_path='KyanChen/sam-vit-base',
        type='rsris.models.models.RefSegSamPromptEncoder'),
    seg_head=dict(
        loss_decode=[
            dict(
                loss_name='loss_ce',
                loss_weight=1.0,
                type='mmseg.CrossEntropyLoss',
                use_sigmoid=False),
            dict(
                classes=[
                    1,
                ],
                loss_name='loss_lovasz',
                loss_type='multi_class',
                loss_weight=1.0,
                per_image=False,
                reduction='none',
                type='mmseg.LovaszLoss'),
        ],
        num_classes=2,
        out_channels=1,
        threshold=0.5,
        type='SamSupervisionHead'),
    test_cfg=dict(mode='whole'),
    train_cfg=dict(),
    type='rsris.models.models.RefSegEncoderDecoder')
norm_cfg = dict(num_groups=32, requires_grad=True, type='GN')
num_workers = 8
optim_wrapper = dict(
    accumulative_counts=4,
    dtype='bfloat16',
    optimizer=dict(
        betas=(
            0.9,
            0.999,
        ),
        lr=0.0001,
        type='torch.optim.AdamW',
        weight_decay=0.01),
    paramwise_cfg=dict(),
    type='mmengine.optim.AmpOptimWrapper')
param_scheduler = [
    dict(
        begin=0,
        by_epoch=True,
        convert_to_iter_based=True,
        end=5,
        start_factor=0.01,
        type='mmengine.optim.scheduler.lr_scheduler.LinearLR'),
    dict(
        T_max=100,
        begin=5,
        by_epoch=True,
        end=100,
        eta_min_ratio=0.01,
        type='mmengine.optim.scheduler.lr_scheduler.CosineAnnealingLR'),
]
persistent_workers = True
resume = False
runner_type = 'Runner'
test_cfg = dict(type='mmengine.runner.loops.TestLoop')
test_dataloader = dict(
    batch_size=1,
    dataset=dict(
        ann_file='datainfo/test.jsonl',
        building_labels_root='./dataset/building_labels',
        data_root='./dataset/JL_Images',
        pipeline=[
            dict(type='mmcv.transforms.loading.LoadImageFromFile'),
            dict(type='rsris.datasets.refdataset.LoadSegAnnotations'),
            dict(
                keep_ratio=False,
                resize_labels=False,
                scale=(
                    1024,
                    1024,
                ),
                type='rsris.datasets.refdataset.NewResize'),
            dict(
                keys=[
                    'gt_building_seg',
                ],
                type='rsris.datasets.refdataset.ToTensor'),
            dict(
                meta_keys=(
                    'poi_text',
                    'poi_prompt',
                    'img_path',
                    'seg_map_path',
                    'ori_shape',
                    'img_shape',
                    'pad_shape',
                    'scale_factor',
                    'flip',
                    'flip_direction',
                    'reduce_zero_label',
                ),
                type='rsris.datasets.refdataset.PackMultiTaskInputs'),
        ],
        test_mode=True,
        type='rsris.datasets.refdataset.RefSegDataset'),
    num_workers=8,
    persistent_workers=True,
    sampler=dict(
        shuffle=False, type='mmengine.dataset.sampler.DefaultSampler'))
test_evaluator = [
    dict(type='rsris.RefSegClsMetric'),
]
test_pipeline = [
    dict(type='mmcv.transforms.loading.LoadImageFromFile'),
    dict(type='rsris.datasets.refdataset.LoadSegAnnotations'),
    dict(
        keep_ratio=False,
        resize_labels=False,
        scale=(
            1024,
            1024,
        ),
        type='rsris.datasets.refdataset.NewResize'),
    dict(
        keys=[
            'gt_building_seg',
        ], type='rsris.datasets.refdataset.ToTensor'),
    dict(
        meta_keys=(
            'poi_text',
            'poi_prompt',
            'img_path',
            'seg_map_path',
            'ori_shape',
            'img_shape',
            'pad_shape',
            'scale_factor',
            'flip',
            'flip_direction',
            'reduce_zero_label',
        ),
        type='rsris.datasets.refdataset.PackMultiTaskInputs'),
]
train_cfg = dict(
    max_epochs=100, type='mmengine.runner.EpochBasedTrainLoop', val_interval=1)
train_dataloader = dict(
    batch_size=1,
    dataset=dict(
        ann_file='datainfo/train.jsonl',
        building_labels_root='./dataset/building_labels',
        data_root='./dataset/JL_Images',
        pipeline=[
            dict(type='mmcv.transforms.loading.LoadImageFromFile'),
            dict(type='rsris.datasets.refdataset.LoadSegAnnotations'),
            dict(
                keep_ratio=False,
                resize_labels=True,
                scale=(
                    1024,
                    1024,
                ),
                type='rsris.datasets.refdataset.NewResize'),
            dict(
                keys=[
                    'gt_building_seg',
                ],
                type='rsris.datasets.refdataset.ToTensor'),
            dict(
                meta_keys=(
                    'poi_text',
                    'poi_prompt',
                    'img_path',
                    'seg_map_path',
                    'ori_shape',
                    'img_shape',
                    'pad_shape',
                    'scale_factor',
                    'flip',
                    'flip_direction',
                    'reduce_zero_label',
                ),
                type='rsris.datasets.refdataset.PackMultiTaskInputs'),
        ],
        type='rsris.datasets.refdataset.RefSegDataset'),
    drop_last=True,
    num_workers=8,
    persistent_workers=True,
    sampler=dict(shuffle=True, type='mmengine.dataset.sampler.DefaultSampler'))
train_pipeline = [
    dict(type='mmcv.transforms.loading.LoadImageFromFile'),
    dict(type='rsris.datasets.refdataset.LoadSegAnnotations'),
    dict(
        keep_ratio=False,
        resize_labels=True,
        scale=(
            1024,
            1024,
        ),
        type='rsris.datasets.refdataset.NewResize'),
    dict(
        keys=[
            'gt_building_seg',
        ], type='rsris.datasets.refdataset.ToTensor'),
    dict(
        meta_keys=(
            'poi_text',
            'poi_prompt',
            'img_path',
            'seg_map_path',
            'ori_shape',
            'img_shape',
            'pad_shape',
            'scale_factor',
            'flip',
            'flip_direction',
            'reduce_zero_label',
        ),
        type='rsris.datasets.refdataset.PackMultiTaskInputs'),
]
val_cfg = dict(type='mmengine.runner.loops.ValLoop')
val_dataloader = dict(
    batch_size=1,
    dataset=dict(
        ann_file='datainfo/val.jsonl',
        building_labels_root='./dataset/building_labels',
        data_root='./dataset/JL_Images',
        pipeline=[
            dict(type='mmcv.transforms.loading.LoadImageFromFile'),
            dict(type='rsris.datasets.refdataset.LoadSegAnnotations'),
            dict(
                keep_ratio=False,
                resize_labels=False,
                scale=(
                    1024,
                    1024,
                ),
                type='rsris.datasets.refdataset.NewResize'),
            dict(
                keys=[
                    'gt_building_seg',
                ],
                type='rsris.datasets.refdataset.ToTensor'),
            dict(
                meta_keys=(
                    'poi_text',
                    'poi_prompt',
                    'img_path',
                    'seg_map_path',
                    'ori_shape',
                    'img_shape',
                    'pad_shape',
                    'scale_factor',
                    'flip',
                    'flip_direction',
                    'reduce_zero_label',
                ),
                type='rsris.datasets.refdataset.PackMultiTaskInputs'),
        ],
        test_mode=True,
        type='rsris.datasets.refdataset.RefSegDataset'),
    num_workers=8,
    persistent_workers=True,
    sampler=dict(
        shuffle=False, type='mmengine.dataset.sampler.DefaultSampler'))
val_evaluator = [
    dict(type='rsris.RefSegClsMetric'),
]
val_interval = 1
vis_backends = [
    dict(type='mmengine.visualization.LocalVisBackend'),
]
visualizer = dict(
    name='visualizer',
    type='mmseg.visualization.SegLocalVisualizer',
    vis_backends=[
        dict(type='mmengine.visualization.LocalVisBackend'),
    ])
work_dir = './work_dirs/THREE_CLS'

2026/03/08 17:32:22 - mmengine - INFO - Distributed training is not used, all SyncBatchNorm (SyncBN) layers in the model will be automatically reverted to BatchNormXd layers if they are used.
2026/03/08 17:32:22 - mmengine - INFO - Hooks will be executed in the following order:
before_run:
(VERY_HIGH   ) RuntimeInfoHook                    
(BELOW_NORMAL) LoggerHook                         
(LOWEST      ) EarlyStoppingHook                  
 -------------------- 
before_train:
(VERY_HIGH   ) RuntimeInfoHook                    
(NORMAL      ) IterTimerHook                      
(VERY_LOW    ) CheckpointHook                     
 -------------------- 
before_train_epoch:
(VERY_HIGH   ) RuntimeInfoHook                    
(NORMAL      ) IterTimerHook                      
(NORMAL      ) DistSamplerSeedHook                
 -------------------- 
before_train_iter:
(VERY_HIGH   ) RuntimeInfoHook                    
(NORMAL      ) IterTimerHook                      
 -------------------- 
after_train_iter:
(VERY_HIGH   ) RuntimeInfoHook                    
(NORMAL      ) IterTimerHook                      
(BELOW_NORMAL) LoggerHook                         
(LOW         ) ParamSchedulerHook                 
(VERY_LOW    ) CheckpointHook                     
 -------------------- 
after_train_epoch:
(NORMAL      ) IterTimerHook                      
(LOW         ) ParamSchedulerHook                 
(VERY_LOW    ) CheckpointHook                     
 -------------------- 
before_val:
(VERY_HIGH   ) RuntimeInfoHook                    
 -------------------- 
before_val_epoch:
(NORMAL      ) IterTimerHook                      
 -------------------- 
before_val_iter:
(NORMAL      ) IterTimerHook                      
 -------------------- 
after_val_iter:
(NORMAL      ) IterTimerHook                      
(NORMAL      ) SegVisualizationHook               
(BELOW_NORMAL) LoggerHook                         
 -------------------- 
after_val_epoch:
(VERY_HIGH   ) RuntimeInfoHook                    
(NORMAL      ) IterTimerHook                      
(BELOW_NORMAL) LoggerHook                         
(LOW         ) ParamSchedulerHook                 
(VERY_LOW    ) CheckpointHook                     
(LOWEST      ) EarlyStoppingHook                  
 -------------------- 
after_val:
(VERY_HIGH   ) RuntimeInfoHook                    
 -------------------- 
after_train:
(VERY_HIGH   ) RuntimeInfoHook                    
(VERY_LOW    ) CheckpointHook                     
 -------------------- 
before_test:
(VERY_HIGH   ) RuntimeInfoHook                    
 -------------------- 
before_test_epoch:
(NORMAL      ) IterTimerHook                      
 -------------------- 
before_test_iter:
(NORMAL      ) IterTimerHook                      
 -------------------- 
after_test_iter:
(NORMAL      ) IterTimerHook                      
(NORMAL      ) SegVisualizationHook               
(BELOW_NORMAL) LoggerHook                         
 -------------------- 
after_test_epoch:
(VERY_HIGH   ) RuntimeInfoHook                    
(NORMAL      ) IterTimerHook                      
(BELOW_NORMAL) LoggerHook                         
 -------------------- 
after_test:
(VERY_HIGH   ) RuntimeInfoHook                    
 -------------------- 
after_run:
(BELOW_NORMAL) LoggerHook                         
 -------------------- 
2026/03/08 17:32:46 - mmengine - INFO - Load checkpoint from H:\train_results\20260307\03-easy-cls-0124/best_epoch_21.pth
2026/03/08 17:33:03 - mmengine - INFO - Epoch(test) [  20/3784]    eta: 0:54:15  time: 0.3731  data_time: 0.0061  memory: 5342  
2026/03/08 17:33:10 - mmengine - INFO - Epoch(test) [  40/3784]    eta: 0:37:36  time: 0.3407  data_time: 0.0018  memory: 5342  
2026/03/08 17:33:16 - mmengine - INFO - Epoch(test) [  60/3784]    eta: 0:31:56  time: 0.3387  data_time: 0.0017  memory: 5342  
2026/03/08 17:33:23 - mmengine - INFO - Epoch(test) [  80/3784]    eta: 0:29:04  time: 0.3389  data_time: 0.0018  memory: 5342  
2026/03/08 17:33:30 - mmengine - INFO - Epoch(test) [ 100/3784]    eta: 0:27:18  time: 0.3399  data_time: 0.0017  memory: 5342  
2026/03/08 17:33:37 - mmengine - INFO - Epoch(test) [ 120/3784]    eta: 0:26:06  time: 0.3400  data_time: 0.0018  memory: 5342  
2026/03/08 17:33:44 - mmengine - INFO - Epoch(test) [ 140/3784]    eta: 0:25:11  time: 0.3403  data_time: 0.0019  memory: 5342  
2026/03/08 17:33:51 - mmengine - INFO - Epoch(test) [ 160/3784]    eta: 0:24:30  time: 0.3412  data_time: 0.0019  memory: 5342  
2026/03/08 17:33:57 - mmengine - INFO - Epoch(test) [ 180/3784]    eta: 0:23:55  time: 0.3408  data_time: 0.0018  memory: 5342  
2026/03/08 17:34:04 - mmengine - INFO - Epoch(test) [ 200/3784]    eta: 0:23:27  time: 0.3384  data_time: 0.0016  memory: 5342  
2026/03/08 17:34:11 - mmengine - INFO - Epoch(test) [ 220/3784]    eta: 0:23:02  time: 0.3395  data_time: 0.0018  memory: 5342  
2026/03/08 17:34:18 - mmengine - INFO - Epoch(test) [ 240/3784]    eta: 0:22:40  time: 0.3400  data_time: 0.0019  memory: 5342  
2026/03/08 17:34:25 - mmengine - INFO - Epoch(test) [ 260/3784]    eta: 0:22:21  time: 0.3442  data_time: 0.0017  memory: 5342  
2026/03/08 17:34:31 - mmengine - INFO - Epoch(test) [ 280/3784]    eta: 0:22:04  time: 0.3404  data_time: 0.0018  memory: 5342  
2026/03/08 17:34:38 - mmengine - INFO - Epoch(test) [ 300/3784]    eta: 0:21:47  time: 0.3405  data_time: 0.0018  memory: 5342  
2026/03/08 17:34:45 - mmengine - INFO - Epoch(test) [ 320/3784]    eta: 0:21:35  time: 0.3598  data_time: 0.0019  memory: 5342  
2026/03/08 17:34:52 - mmengine - INFO - Epoch(test) [ 340/3784]    eta: 0:21:24  time: 0.3479  data_time: 0.0019  memory: 5342  
2026/03/08 17:34:59 - mmengine - INFO - Epoch(test) [ 360/3784]    eta: 0:21:13  time: 0.3529  data_time: 0.0018  memory: 5342  
2026/03/08 17:35:07 - mmengine - INFO - Epoch(test) [ 380/3784]    eta: 0:21:04  time: 0.3646  data_time: 0.0019  memory: 5342  
2026/03/08 17:35:14 - mmengine - INFO - Epoch(test) [ 400/3784]    eta: 0:20:53  time: 0.3457  data_time: 0.0016  memory: 5342  
2026/03/08 17:35:21 - mmengine - INFO - Epoch(test) [ 420/3784]    eta: 0:20:43  time: 0.3482  data_time: 0.0022  memory: 5342  
2026/03/08 17:35:28 - mmengine - INFO - Epoch(test) [ 440/3784]    eta: 0:20:33  time: 0.3488  data_time: 0.0018  memory: 5342  
2026/03/08 17:35:35 - mmengine - INFO - Epoch(test) [ 460/3784]    eta: 0:20:23  time: 0.3508  data_time: 0.0021  memory: 5342  
2026/03/08 17:35:42 - mmengine - INFO - Epoch(test) [ 480/3784]    eta: 0:20:13  time: 0.3565  data_time: 0.0018  memory: 5342  
2026/03/08 17:35:49 - mmengine - INFO - Epoch(test) [ 500/3784]    eta: 0:20:05  time: 0.3534  data_time: 0.0017  memory: 5342  
2026/03/08 17:35:56 - mmengine - INFO - Epoch(test) [ 520/3784]    eta: 0:19:57  time: 0.3570  data_time: 0.0018  memory: 5342  
2026/03/08 17:36:03 - mmengine - INFO - Epoch(test) [ 540/3784]    eta: 0:19:48  time: 0.3528  data_time: 0.0019  memory: 5342  
2026/03/08 17:36:11 - mmengine - INFO - Epoch(test) [ 560/3784]    eta: 0:19:40  time: 0.3635  data_time: 0.0020  memory: 5342  
2026/03/08 17:36:18 - mmengine - INFO - Epoch(test) [ 580/3784]    eta: 0:19:31  time: 0.3473  data_time: 0.0019  memory: 5342  
2026/03/08 17:36:25 - mmengine - INFO - Epoch(test) [ 600/3784]    eta: 0:19:22  time: 0.3452  data_time: 0.0018  memory: 5342  
2026/03/08 17:36:32 - mmengine - INFO - Epoch(test) [ 620/3784]    eta: 0:19:12  time: 0.3453  data_time: 0.0018  memory: 5342  
2026/03/08 17:36:38 - mmengine - INFO - Epoch(test) [ 640/3784]    eta: 0:19:03  time: 0.3480  data_time: 0.0018  memory: 5342  
2026/03/08 17:36:45 - mmengine - INFO - Epoch(test) [ 660/3784]    eta: 0:18:54  time: 0.3464  data_time: 0.0018  memory: 5342  
2026/03/08 17:36:52 - mmengine - INFO - Epoch(test) [ 680/3784]    eta: 0:18:45  time: 0.3453  data_time: 0.0019  memory: 5342  
2026/03/08 17:36:59 - mmengine - INFO - Epoch(test) [ 700/3784]    eta: 0:18:37  time: 0.3433  data_time: 0.0017  memory: 5342  
2026/03/08 17:37:06 - mmengine - INFO - Epoch(test) [ 720/3784]    eta: 0:18:28  time: 0.3446  data_time: 0.0019  memory: 5342  
2026/03/08 17:37:13 - mmengine - INFO - Epoch(test) [ 740/3784]    eta: 0:18:19  time: 0.3444  data_time: 0.0019  memory: 5342  
2026/03/08 17:37:20 - mmengine - INFO - Epoch(test) [ 760/3784]    eta: 0:18:11  time: 0.3453  data_time: 0.0020  memory: 5342  
2026/03/08 17:37:27 - mmengine - INFO - Epoch(test) [ 780/3784]    eta: 0:18:03  time: 0.3453  data_time: 0.0018  memory: 5342  
2026/03/08 17:37:34 - mmengine - INFO - Epoch(test) [ 800/3784]    eta: 0:17:54  time: 0.3455  data_time: 0.0018  memory: 5342  
2026/03/08 17:37:41 - mmengine - INFO - Epoch(test) [ 820/3784]    eta: 0:17:46  time: 0.3453  data_time: 0.0017  memory: 5342  
2026/03/08 17:37:48 - mmengine - INFO - Epoch(test) [ 840/3784]    eta: 0:17:38  time: 0.3481  data_time: 0.0021  memory: 5342  
2026/03/08 17:37:55 - mmengine - INFO - Epoch(test) [ 860/3784]    eta: 0:17:30  time: 0.3454  data_time: 0.0018  memory: 5342  
2026/03/08 17:38:01 - mmengine - INFO - Epoch(test) [ 880/3784]    eta: 0:17:22  time: 0.3462  data_time: 0.0018  memory: 5342  
2026/03/08 17:38:08 - mmengine - INFO - Epoch(test) [ 900/3784]    eta: 0:17:14  time: 0.3469  data_time: 0.0019  memory: 5342  
2026/03/08 17:38:15 - mmengine - INFO - Epoch(test) [ 920/3784]    eta: 0:17:06  time: 0.3458  data_time: 0.0017  memory: 5342  
2026/03/08 17:38:22 - mmengine - INFO - Epoch(test) [ 940/3784]    eta: 0:16:58  time: 0.3456  data_time: 0.0017  memory: 5342  
2026/03/08 17:38:29 - mmengine - INFO - Epoch(test) [ 960/3784]    eta: 0:16:50  time: 0.3462  data_time: 0.0020  memory: 5342  
2026/03/08 17:38:36 - mmengine - INFO - Epoch(test) [ 980/3784]    eta: 0:16:42  time: 0.3466  data_time: 0.0019  memory: 5342  
2026/03/08 17:38:43 - mmengine - INFO - Epoch(test) [1000/3784]    eta: 0:16:34  time: 0.3456  data_time: 0.0019  memory: 5342  
2026/03/08 17:38:50 - mmengine - INFO - Epoch(test) [1020/3784]    eta: 0:16:27  time: 0.3471  data_time: 0.0020  memory: 5342  
2026/03/08 17:38:57 - mmengine - INFO - Epoch(test) [1040/3784]    eta: 0:16:19  time: 0.3466  data_time: 0.0019  memory: 5342  
2026/03/08 17:39:04 - mmengine - INFO - Epoch(test) [1060/3784]    eta: 0:16:11  time: 0.3448  data_time: 0.0018  memory: 5342  
2026/03/08 17:39:11 - mmengine - INFO - Epoch(test) [1080/3784]    eta: 0:16:04  time: 0.3461  data_time: 0.0019  memory: 5342  
2026/03/08 17:39:18 - mmengine - INFO - Epoch(test) [1100/3784]    eta: 0:15:56  time: 0.3452  data_time: 0.0017  memory: 5342  
2026/03/08 17:39:25 - mmengine - INFO - Epoch(test) [1120/3784]    eta: 0:15:48  time: 0.3444  data_time: 0.0017  memory: 5342  
2026/03/08 17:39:31 - mmengine - INFO - Epoch(test) [1140/3784]    eta: 0:15:41  time: 0.3446  data_time: 0.0014  memory: 5342  
2026/03/08 17:39:38 - mmengine - INFO - Epoch(test) [1160/3784]    eta: 0:15:33  time: 0.3472  data_time: 0.0019  memory: 5342  
2026/03/08 17:39:45 - mmengine - INFO - Epoch(test) [1180/3784]    eta: 0:15:26  time: 0.3515  data_time: 0.0021  memory: 5342  
2026/03/08 17:39:52 - mmengine - INFO - Epoch(test) [1200/3784]    eta: 0:15:18  time: 0.3523  data_time: 0.0019  memory: 5342  
2026/03/08 17:39:59 - mmengine - INFO - Epoch(test) [1220/3784]    eta: 0:15:11  time: 0.3446  data_time: 0.0017  memory: 5342  
2026/03/08 17:40:06 - mmengine - INFO - Epoch(test) [1240/3784]    eta: 0:15:03  time: 0.3437  data_time: 0.0019  memory: 5342  
2026/03/08 17:40:13 - mmengine - INFO - Epoch(test) [1260/3784]    eta: 0:14:56  time: 0.3450  data_time: 0.0019  memory: 5342  
2026/03/08 17:40:20 - mmengine - INFO - Epoch(test) [1280/3784]    eta: 0:14:48  time: 0.3437  data_time: 0.0019  memory: 5342  
2026/03/08 17:40:27 - mmengine - INFO - Epoch(test) [1300/3784]    eta: 0:14:41  time: 0.3444  data_time: 0.0016  memory: 5342  
2026/03/08 17:40:34 - mmengine - INFO - Epoch(test) [1320/3784]    eta: 0:14:33  time: 0.3470  data_time: 0.0019  memory: 5342  
2026/03/08 17:40:41 - mmengine - INFO - Epoch(test) [1340/3784]    eta: 0:14:26  time: 0.3485  data_time: 0.0018  memory: 5342  
2026/03/08 17:40:48 - mmengine - INFO - Epoch(test) [1360/3784]    eta: 0:14:19  time: 0.3469  data_time: 0.0016  memory: 5342  
2026/03/08 17:40:55 - mmengine - INFO - Epoch(test) [1380/3784]    eta: 0:14:12  time: 0.3496  data_time: 0.0019  memory: 5342  
2026/03/08 17:41:02 - mmengine - INFO - Epoch(test) [1400/3784]    eta: 0:14:04  time: 0.3455  data_time: 0.0018  memory: 5342  
2026/03/08 17:41:09 - mmengine - INFO - Epoch(test) [1420/3784]    eta: 0:13:57  time: 0.3469  data_time: 0.0019  memory: 5342  
2026/03/08 17:41:16 - mmengine - INFO - Epoch(test) [1440/3784]    eta: 0:13:50  time: 0.3484  data_time: 0.0016  memory: 5342  
2026/03/08 17:41:23 - mmengine - INFO - Epoch(test) [1460/3784]    eta: 0:13:43  time: 0.3461  data_time: 0.0015  memory: 5342  
2026/03/08 17:41:30 - mmengine - INFO - Epoch(test) [1480/3784]    eta: 0:13:35  time: 0.3475  data_time: 0.0019  memory: 5342  
2026/03/08 17:41:37 - mmengine - INFO - Epoch(test) [1500/3784]    eta: 0:13:28  time: 0.3437  data_time: 0.0017  memory: 5342  
2026/03/08 17:41:43 - mmengine - INFO - Epoch(test) [1520/3784]    eta: 0:13:21  time: 0.3391  data_time: 0.0021  memory: 5342  
2026/03/08 17:41:50 - mmengine - INFO - Epoch(test) [1540/3784]    eta: 0:13:13  time: 0.3398  data_time: 0.0019  memory: 5342  
2026/03/08 17:41:57 - mmengine - INFO - Epoch(test) [1560/3784]    eta: 0:13:06  time: 0.3405  data_time: 0.0019  memory: 5342  
2026/03/08 17:42:04 - mmengine - INFO - Epoch(test) [1580/3784]    eta: 0:12:58  time: 0.3400  data_time: 0.0019  memory: 5342  
2026/03/08 17:42:11 - mmengine - INFO - Epoch(test) [1600/3784]    eta: 0:12:51  time: 0.3405  data_time: 0.0017  memory: 5342  
2026/03/08 17:42:18 - mmengine - INFO - Epoch(test) [1620/3784]    eta: 0:12:43  time: 0.3403  data_time: 0.0018  memory: 5342  
2026/03/08 17:42:24 - mmengine - INFO - Epoch(test) [1640/3784]    eta: 0:12:36  time: 0.3412  data_time: 0.0018  memory: 5342  
2026/03/08 17:42:31 - mmengine - INFO - Epoch(test) [1660/3784]    eta: 0:12:29  time: 0.3399  data_time: 0.0019  memory: 5342  
2026/03/08 17:42:38 - mmengine - INFO - Epoch(test) [1680/3784]    eta: 0:12:21  time: 0.3405  data_time: 0.0019  memory: 5342  
2026/03/08 17:42:45 - mmengine - INFO - Epoch(test) [1700/3784]    eta: 0:12:14  time: 0.3397  data_time: 0.0016  memory: 5342  
2026/03/08 17:42:52 - mmengine - INFO - Epoch(test) [1720/3784]    eta: 0:12:07  time: 0.3409  data_time: 0.0018  memory: 5342  
2026/03/08 17:42:58 - mmengine - INFO - Epoch(test) [1740/3784]    eta: 0:11:59  time: 0.3403  data_time: 0.0019  memory: 5342  
2026/03/08 17:43:05 - mmengine - INFO - Epoch(test) [1760/3784]    eta: 0:11:52  time: 0.3402  data_time: 0.0016  memory: 5342  
2026/03/08 17:43:12 - mmengine - INFO - Epoch(test) [1780/3784]    eta: 0:11:45  time: 0.3407  data_time: 0.0020  memory: 5342  
2026/03/08 17:43:19 - mmengine - INFO - Epoch(test) [1800/3784]    eta: 0:11:37  time: 0.3391  data_time: 0.0017  memory: 5342  
2026/03/08 17:43:26 - mmengine - INFO - Epoch(test) [1820/3784]    eta: 0:11:30  time: 0.3396  data_time: 0.0017  memory: 5342  
2026/03/08 17:43:32 - mmengine - INFO - Epoch(test) [1840/3784]    eta: 0:11:23  time: 0.3402  data_time: 0.0018  memory: 5342  
2026/03/08 17:43:39 - mmengine - INFO - Epoch(test) [1860/3784]    eta: 0:11:16  time: 0.3406  data_time: 0.0016  memory: 5342  
2026/03/08 17:43:46 - mmengine - INFO - Epoch(test) [1880/3784]    eta: 0:11:08  time: 0.3392  data_time: 0.0018  memory: 5342  
2026/03/08 17:43:53 - mmengine - INFO - Epoch(test) [1900/3784]    eta: 0:11:01  time: 0.3389  data_time: 0.0020  memory: 5342  
2026/03/08 17:44:00 - mmengine - INFO - Epoch(test) [1920/3784]    eta: 0:10:54  time: 0.3397  data_time: 0.0020  memory: 5342  
2026/03/08 17:44:06 - mmengine - INFO - Epoch(test) [1940/3784]    eta: 0:10:47  time: 0.3434  data_time: 0.0017  memory: 5342  
2026/03/08 17:44:13 - mmengine - INFO - Epoch(test) [1960/3784]    eta: 0:10:39  time: 0.3394  data_time: 0.0016  memory: 5342  
2026/03/08 17:44:20 - mmengine - INFO - Epoch(test) [1980/3784]    eta: 0:10:32  time: 0.3400  data_time: 0.0018  memory: 5342  
2026/03/08 17:44:27 - mmengine - INFO - Epoch(test) [2000/3784]    eta: 0:10:25  time: 0.3390  data_time: 0.0016  memory: 5342  
2026/03/08 17:44:34 - mmengine - INFO - Epoch(test) [2020/3784]    eta: 0:10:18  time: 0.3399  data_time: 0.0019  memory: 5342  
2026/03/08 17:44:41 - mmengine - INFO - Epoch(test) [2040/3784]    eta: 0:10:11  time: 0.3391  data_time: 0.0017  memory: 5342  
2026/03/08 17:44:47 - mmengine - INFO - Epoch(test) [2060/3784]    eta: 0:10:03  time: 0.3395  data_time: 0.0019  memory: 5342  
2026/03/08 17:44:54 - mmengine - INFO - Epoch(test) [2080/3784]    eta: 0:09:56  time: 0.3399  data_time: 0.0018  memory: 5342  
2026/03/08 17:45:01 - mmengine - INFO - Epoch(test) [2100/3784]    eta: 0:09:49  time: 0.3403  data_time: 0.0016  memory: 5342  
2026/03/08 17:45:08 - mmengine - INFO - Epoch(test) [2120/3784]    eta: 0:09:42  time: 0.3398  data_time: 0.0015  memory: 5342  
2026/03/08 17:45:15 - mmengine - INFO - Epoch(test) [2140/3784]    eta: 0:09:35  time: 0.3404  data_time: 0.0017  memory: 5342  
2026/03/08 17:45:21 - mmengine - INFO - Epoch(test) [2160/3784]    eta: 0:09:28  time: 0.3387  data_time: 0.0018  memory: 5342  
2026/03/08 17:45:28 - mmengine - INFO - Epoch(test) [2180/3784]    eta: 0:09:20  time: 0.3408  data_time: 0.0019  memory: 5342  
2026/03/08 17:45:35 - mmengine - INFO - Epoch(test) [2200/3784]    eta: 0:09:13  time: 0.3396  data_time: 0.0015  memory: 5342  
2026/03/08 17:45:42 - mmengine - INFO - Epoch(test) [2220/3784]    eta: 0:09:06  time: 0.3396  data_time: 0.0017  memory: 5342  
2026/03/08 17:45:49 - mmengine - INFO - Epoch(test) [2240/3784]    eta: 0:08:59  time: 0.3407  data_time: 0.0020  memory: 5342  
2026/03/08 17:45:55 - mmengine - INFO - Epoch(test) [2260/3784]    eta: 0:08:52  time: 0.3403  data_time: 0.0019  memory: 5342  
2026/03/08 17:46:02 - mmengine - INFO - Epoch(test) [2280/3784]    eta: 0:08:45  time: 0.3393  data_time: 0.0017  memory: 5342  
2026/03/08 17:46:09 - mmengine - INFO - Epoch(test) [2300/3784]    eta: 0:08:38  time: 0.3404  data_time: 0.0017  memory: 5342  
2026/03/08 17:46:16 - mmengine - INFO - Epoch(test) [2320/3784]    eta: 0:08:31  time: 0.3397  data_time: 0.0018  memory: 5342  
2026/03/08 17:46:23 - mmengine - INFO - Epoch(test) [2340/3784]    eta: 0:08:24  time: 0.3395  data_time: 0.0019  memory: 5342  
2026/03/08 17:46:29 - mmengine - INFO - Epoch(test) [2360/3784]    eta: 0:08:17  time: 0.3399  data_time: 0.0016  memory: 5342  
2026/03/08 17:46:36 - mmengine - INFO - Epoch(test) [2380/3784]    eta: 0:08:09  time: 0.3411  data_time: 0.0017  memory: 5342  
2026/03/08 17:46:43 - mmengine - INFO - Epoch(test) [2400/3784]    eta: 0:08:02  time: 0.3410  data_time: 0.0018  memory: 5342  
2026/03/08 17:46:50 - mmengine - INFO - Epoch(test) [2420/3784]    eta: 0:07:55  time: 0.3399  data_time: 0.0018  memory: 5342  
2026/03/08 17:46:57 - mmengine - INFO - Epoch(test) [2440/3784]    eta: 0:07:48  time: 0.3386  data_time: 0.0017  memory: 5342  
2026/03/08 17:47:03 - mmengine - INFO - Epoch(test) [2460/3784]    eta: 0:07:41  time: 0.3403  data_time: 0.0019  memory: 5342  
2026/03/08 17:47:10 - mmengine - INFO - Epoch(test) [2480/3784]    eta: 0:07:34  time: 0.3390  data_time: 0.0018  memory: 5342  
2026/03/08 17:47:17 - mmengine - INFO - Epoch(test) [2500/3784]    eta: 0:07:27  time: 0.3420  data_time: 0.0019  memory: 5342  
2026/03/08 17:47:24 - mmengine - INFO - Epoch(test) [2520/3784]    eta: 0:07:20  time: 0.3396  data_time: 0.0017  memory: 5342  
2026/03/08 17:47:31 - mmengine - INFO - Epoch(test) [2540/3784]    eta: 0:07:13  time: 0.3404  data_time: 0.0015  memory: 5342  
2026/03/08 17:47:38 - mmengine - INFO - Epoch(test) [2560/3784]    eta: 0:07:06  time: 0.3406  data_time: 0.0017  memory: 5342  
2026/03/08 17:47:44 - mmengine - INFO - Epoch(test) [2580/3784]    eta: 0:06:59  time: 0.3385  data_time: 0.0019  memory: 5342  
2026/03/08 17:47:51 - mmengine - INFO - Epoch(test) [2600/3784]    eta: 0:06:52  time: 0.3407  data_time: 0.0018  memory: 5342  
2026/03/08 17:47:58 - mmengine - INFO - Epoch(test) [2620/3784]    eta: 0:06:45  time: 0.3401  data_time: 0.0017  memory: 5342  
2026/03/08 17:48:05 - mmengine - INFO - Epoch(test) [2640/3784]    eta: 0:06:38  time: 0.3396  data_time: 0.0019  memory: 5342  
2026/03/08 17:48:12 - mmengine - INFO - Epoch(test) [2660/3784]    eta: 0:06:31  time: 0.3387  data_time: 0.0017  memory: 5342  
2026/03/08 17:48:18 - mmengine - INFO - Epoch(test) [2680/3784]    eta: 0:06:24  time: 0.3409  data_time: 0.0018  memory: 5342  
2026/03/08 17:48:25 - mmengine - INFO - Epoch(test) [2700/3784]    eta: 0:06:17  time: 0.3403  data_time: 0.0018  memory: 5342  
2026/03/08 17:48:32 - mmengine - INFO - Epoch(test) [2720/3784]    eta: 0:06:10  time: 0.3415  data_time: 0.0020  memory: 5342  
2026/03/08 17:48:39 - mmengine - INFO - Epoch(test) [2740/3784]    eta: 0:06:03  time: 0.3400  data_time: 0.0016  memory: 5342  
2026/03/08 17:48:46 - mmengine - INFO - Epoch(test) [2760/3784]    eta: 0:05:56  time: 0.3389  data_time: 0.0019  memory: 5342  
2026/03/08 17:48:52 - mmengine - INFO - Epoch(test) [2780/3784]    eta: 0:05:49  time: 0.3394  data_time: 0.0018  memory: 5342  
2026/03/08 17:48:59 - mmengine - INFO - Epoch(test) [2800/3784]    eta: 0:05:42  time: 0.3395  data_time: 0.0015  memory: 5342  
2026/03/08 17:49:06 - mmengine - INFO - Epoch(test) [2820/3784]    eta: 0:05:35  time: 0.3405  data_time: 0.0017  memory: 5342  
2026/03/08 17:49:13 - mmengine - INFO - Epoch(test) [2840/3784]    eta: 0:05:28  time: 0.3404  data_time: 0.0020  memory: 5342  
2026/03/08 17:49:20 - mmengine - INFO - Epoch(test) [2860/3784]    eta: 0:05:21  time: 0.3416  data_time: 0.0019  memory: 5342  
2026/03/08 17:49:26 - mmengine - INFO - Epoch(test) [2880/3784]    eta: 0:05:14  time: 0.3406  data_time: 0.0020  memory: 5342  
2026/03/08 17:49:33 - mmengine - INFO - Epoch(test) [2900/3784]    eta: 0:05:07  time: 0.3391  data_time: 0.0017  memory: 5342  
2026/03/08 17:49:40 - mmengine - INFO - Epoch(test) [2920/3784]    eta: 0:05:00  time: 0.3399  data_time: 0.0018  memory: 5342  
2026/03/08 17:49:47 - mmengine - INFO - Epoch(test) [2940/3784]    eta: 0:04:53  time: 0.3379  data_time: 0.0019  memory: 5342  
2026/03/08 17:49:54 - mmengine - INFO - Epoch(test) [2960/3784]    eta: 0:04:46  time: 0.3406  data_time: 0.0017  memory: 5342  
2026/03/08 17:50:00 - mmengine - INFO - Epoch(test) [2980/3784]    eta: 0:04:39  time: 0.3397  data_time: 0.0016  memory: 5342  
2026/03/08 17:50:07 - mmengine - INFO - Epoch(test) [3000/3784]    eta: 0:04:32  time: 0.3399  data_time: 0.0020  memory: 5342  
2026/03/08 17:50:14 - mmengine - INFO - Epoch(test) [3020/3784]    eta: 0:04:25  time: 0.3383  data_time: 0.0017  memory: 5342  
2026/03/08 17:50:21 - mmengine - INFO - Epoch(test) [3040/3784]    eta: 0:04:18  time: 0.3406  data_time: 0.0020  memory: 5342  
2026/03/08 17:50:28 - mmengine - INFO - Epoch(test) [3060/3784]    eta: 0:04:11  time: 0.3400  data_time: 0.0014  memory: 5342  
2026/03/08 17:50:34 - mmengine - INFO - Epoch(test) [3080/3784]    eta: 0:04:04  time: 0.3395  data_time: 0.0020  memory: 5342  
2026/03/08 17:50:41 - mmengine - INFO - Epoch(test) [3100/3784]    eta: 0:03:57  time: 0.3402  data_time: 0.0018  memory: 5342  
2026/03/08 17:50:48 - mmengine - INFO - Epoch(test) [3120/3784]    eta: 0:03:50  time: 0.3398  data_time: 0.0017  memory: 5342  
2026/03/08 17:50:55 - mmengine - INFO - Epoch(test) [3140/3784]    eta: 0:03:43  time: 0.3393  data_time: 0.0019  memory: 5342  
2026/03/08 17:51:02 - mmengine - INFO - Epoch(test) [3160/3784]    eta: 0:03:36  time: 0.3405  data_time: 0.0021  memory: 5342  
2026/03/08 17:51:08 - mmengine - INFO - Epoch(test) [3180/3784]    eta: 0:03:29  time: 0.3396  data_time: 0.0017  memory: 5342  
2026/03/08 17:51:15 - mmengine - INFO - Epoch(test) [3200/3784]    eta: 0:03:22  time: 0.3399  data_time: 0.0018  memory: 5342  
2026/03/08 17:51:22 - mmengine - INFO - Epoch(test) [3220/3784]    eta: 0:03:15  time: 0.3428  data_time: 0.0018  memory: 5342  
2026/03/08 17:51:29 - mmengine - INFO - Epoch(test) [3240/3784]    eta: 0:03:08  time: 0.3387  data_time: 0.0019  memory: 5342  
2026/03/08 17:51:36 - mmengine - INFO - Epoch(test) [3260/3784]    eta: 0:03:01  time: 0.3405  data_time: 0.0019  memory: 5342  
2026/03/08 17:51:43 - mmengine - INFO - Epoch(test) [3280/3784]    eta: 0:02:54  time: 0.3393  data_time: 0.0016  memory: 5342  
2026/03/08 17:51:49 - mmengine - INFO - Epoch(test) [3300/3784]    eta: 0:02:47  time: 0.3425  data_time: 0.0019  memory: 5342  
2026/03/08 17:51:56 - mmengine - INFO - Epoch(test) [3320/3784]    eta: 0:02:40  time: 0.3405  data_time: 0.0015  memory: 5342  
2026/03/08 17:52:03 - mmengine - INFO - Epoch(test) [3340/3784]    eta: 0:02:33  time: 0.3388  data_time: 0.0019  memory: 5342  
2026/03/08 17:52:10 - mmengine - INFO - Epoch(test) [3360/3784]    eta: 0:02:26  time: 0.3402  data_time: 0.0019  memory: 5342  
2026/03/08 17:52:17 - mmengine - INFO - Epoch(test) [3380/3784]    eta: 0:02:19  time: 0.3408  data_time: 0.0019  memory: 5342  
2026/03/08 17:52:23 - mmengine - INFO - Epoch(test) [3400/3784]    eta: 0:02:13  time: 0.3395  data_time: 0.0015  memory: 5342  
2026/03/08 17:52:30 - mmengine - INFO - Epoch(test) [3420/3784]    eta: 0:02:06  time: 0.3394  data_time: 0.0021  memory: 5342  
2026/03/08 17:52:37 - mmengine - INFO - Epoch(test) [3440/3784]    eta: 0:01:59  time: 0.3433  data_time: 0.0017  memory: 5342  
2026/03/08 17:52:44 - mmengine - INFO - Epoch(test) [3460/3784]    eta: 0:01:52  time: 0.3407  data_time: 0.0017  memory: 5342  
2026/03/08 17:52:51 - mmengine - INFO - Epoch(test) [3480/3784]    eta: 0:01:45  time: 0.3386  data_time: 0.0018  memory: 5342  
2026/03/08 17:52:58 - mmengine - INFO - Epoch(test) [3500/3784]    eta: 0:01:38  time: 0.3396  data_time: 0.0018  memory: 5342  
2026/03/08 17:53:04 - mmengine - INFO - Epoch(test) [3520/3784]    eta: 0:01:31  time: 0.3402  data_time: 0.0020  memory: 5342  
2026/03/08 17:53:11 - mmengine - INFO - Epoch(test) [3540/3784]    eta: 0:01:24  time: 0.3405  data_time: 0.0020  memory: 5342  
2026/03/08 17:53:18 - mmengine - INFO - Epoch(test) [3560/3784]    eta: 0:01:17  time: 0.3410  data_time: 0.0020  memory: 5342  
2026/03/08 17:53:25 - mmengine - INFO - Epoch(test) [3580/3784]    eta: 0:01:10  time: 0.3408  data_time: 0.0017  memory: 5342  
2026/03/08 17:53:32 - mmengine - INFO - Epoch(test) [3600/3784]    eta: 0:01:03  time: 0.3404  data_time: 0.0017  memory: 5342  
2026/03/08 17:53:38 - mmengine - INFO - Epoch(test) [3620/3784]    eta: 0:00:56  time: 0.3417  data_time: 0.0019  memory: 5342  
2026/03/08 17:53:45 - mmengine - INFO - Epoch(test) [3640/3784]    eta: 0:00:49  time: 0.3410  data_time: 0.0018  memory: 5342  
2026/03/08 17:53:52 - mmengine - INFO - Epoch(test) [3660/3784]    eta: 0:00:42  time: 0.3400  data_time: 0.0018  memory: 5342  
2026/03/08 17:53:59 - mmengine - INFO - Epoch(test) [3680/3784]    eta: 0:00:35  time: 0.3396  data_time: 0.0021  memory: 5342  
2026/03/08 17:54:06 - mmengine - INFO - Epoch(test) [3700/3784]    eta: 0:00:29  time: 0.3393  data_time: 0.0016  memory: 5342  
2026/03/08 17:54:12 - mmengine - INFO - Epoch(test) [3720/3784]    eta: 0:00:22  time: 0.3407  data_time: 0.0017  memory: 5342  
2026/03/08 17:54:19 - mmengine - INFO - Epoch(test) [3740/3784]    eta: 0:00:15  time: 0.3402  data_time: 0.0019  memory: 5342  
2026/03/08 17:54:26 - mmengine - INFO - Epoch(test) [3760/3784]    eta: 0:00:08  time: 0.3395  data_time: 0.0018  memory: 5342  
2026/03/08 17:54:33 - mmengine - INFO - Epoch(test) [3780/3784]    eta: 0:00:01  time: 0.3389  data_time: 0.0017  memory: 5342  
2026/03/08 17:54:34 - mmengine - INFO - 
=====================================================================================
2026/03/08 17:54:34 - mmengine - INFO -  [Task 1 - Building Segmentation]
2026/03/08 17:54:34 - mmengine - INFO -   >> mIoU: 86.36% | Dice: 92.68% | Prec: 91.85% | Rec: 93.53%
2026/03/08 17:54:34 - mmengine - INFO - -------------------------------------------------------------------------------------
2026/03/08 17:54:34 - mmengine - INFO -  [Task 2 - Function Reasoning (Overall)]
2026/03/08 17:54:34 - mmengine - INFO -   >> Overall Acc: 73.84% | Macro F1: 72.39% | Weighted F1: 73.99%
2026/03/08 17:54:34 - mmengine - INFO -   >> Macro Prec: 72.27% | Macro Rec: 72.57%
2026/03/08 17:54:34 - mmengine - INFO -  [Analysis] High-IoU (>0.8) Macro F1: 73.06%
2026/03/08 17:54:34 - mmengine - INFO - -------------------------------------------------------------------------------------
2026/03/08 17:54:34 - mmengine - INFO -  Class-wise Performance:
+-----------------------+--------+----------+---------+---------+
|       Class Name      | F1 (%) | Prec (%) | Rec (%) | Support |
+-----------------------+--------+----------+---------+---------+
|      Residential      | 83.05  |  84.87   |  81.31  |   1600  |
| Commercial-Industrial | 65.28  |  63.50   |  67.18  |   914   |
|     Public service    | 68.83  |  68.46   |  69.21  |   1270  |
+-----------------------+--------+----------+---------+---------+
2026/03/08 17:54:34 - mmengine - INFO - -------------------------------------------------------------------------------------
2026/03/08 17:54:34 - mmengine - INFO -  Confusion Matrix (Vertical: Pred, Horizontal: GT):
+-----------------------+-------------+-----------------------+----------------+
|      (Pred \ GT)      | Residential | Commercial-Industrial | Public service |
+-----------------------+-------------+-----------------------+----------------+
|      Residential      |     1301    |          116          |      183       |
| Commercial-Industrial |      78     |          614          |      222       |
|     Public service    |     154     |          237          |      879       |
+-----------------------+-------------+-----------------------+----------------+
2026/03/08 17:54:34 - mmengine - INFO - =====================================================================================

2026/03/08 17:54:34 - mmengine - INFO - Epoch(test) [3784/3784]    RefSegClsMetric/Building_IoU: 86.3610  RefSegClsMetric/Building_Dice: 92.6814  RefSegClsMetric/Function_F1_Macro: 72.3897  RefSegClsMetric/Function_F1_Weighted: 73.9879  RefSegClsMetric/Function_Acc: 73.8372  data_time: 0.0043  time: 0.3458
